[0.798s] DEBUG:colcon:Command line arguments: ['/usr/bin/colcon', 'build', '--packages-select', 'costmap']
[0.798s] DEBUG:colcon:Parsed command line arguments: Namespace(log_base=None, log_level=None, verb_name='build', build_base='build', install_base='install', merge_install=False, symlink_install=False, test_result_base=None, continue_on_error=False, executor='parallel', parallel_workers=4, event_handlers=None, ignore_user_meta=False, metas=['./colcon.meta'], base_paths=['.'], packages_ignore=None, packages_ignore_regex=None, paths=None, packages_up_to=None, packages_up_to_regex=None, packages_above=None, packages_above_and_dependencies=None, packages_above_depth=None, packages_select_by_dep=None, packages_skip_by_dep=None, packages_skip_up_to=None, packages_select_build_failed=False, packages_skip_build_finished=False, packages_select_test_failures=False, packages_skip_test_passed=False, packages_select=['costmap'], packages_skip=None, packages_select_regex=None, packages_skip_regex=None, packages_start=None, packages_end=None, cmake_args=None, cmake_target=None, cmake_target_skip_unavailable=False, cmake_clean_cache=False, cmake_clean_first=False, cmake_force_configure=False, ament_cmake_args=None, catkin_cmake_args=None, catkin_skip_building_tests=False, verb_parser=<colcon_defaults.argument_parser.defaults.DefaultArgumentsDecorator object at 0x720466fea6f0>, verb_extension=<colcon_core.verb.build.BuildVerb object at 0x720466f07ec0>, main=<bound method BuildVerb.main of <colcon_core.verb.build.BuildVerb object at 0x720466f07ec0>>)
[0.958s] Level 1:colcon.colcon_core.package_discovery:discover_packages(colcon_meta) check parameters
[0.958s] Level 1:colcon.colcon_core.package_discovery:discover_packages(recursive) check parameters
[0.959s] Level 1:colcon.colcon_core.package_discovery:discover_packages(ignore) check parameters
[0.959s] Level 1:colcon.colcon_core.package_discovery:discover_packages(path) check parameters
[0.959s] Level 1:colcon.colcon_core.package_discovery:discover_packages(colcon_meta) discover
[0.959s] Level 1:colcon.colcon_core.package_discovery:discover_packages(recursive) discover
[0.959s] INFO:colcon.colcon_core.package_discovery:Crawling recursively for packages in '/home/joshua/wato_asd_training'
[0.959s] Level 1:colcon.colcon_core.package_identification:_identify(.) by extensions ['ignore', 'ignore_ament_install']
[0.960s] Level 1:colcon.colcon_core.package_identification:_identify(.) by extension 'ignore'
[0.960s] Level 1:colcon.colcon_core.package_identification:_identify(.) by extension 'ignore_ament_install'
[0.960s] Level 1:colcon.colcon_core.package_identification:_identify(.) by extensions ['colcon_pkg']
[0.960s] Level 1:colcon.colcon_core.package_identification:_identify(.) by extension 'colcon_pkg'
[0.960s] Level 1:colcon.colcon_core.package_identification:_identify(.) by extensions ['colcon_meta']
[0.960s] Level 1:colcon.colcon_core.package_identification:_identify(.) by extension 'colcon_meta'
[0.960s] Level 1:colcon.colcon_core.package_identification:_identify(.) by extensions ['ros']
[0.960s] Level 1:colcon.colcon_core.package_identification:_identify(.) by extension 'ros'
[1.075s] Level 1:colcon.colcon_core.package_identification:_identify(.) by extensions ['cmake', 'python']
[1.075s] Level 1:colcon.colcon_core.package_identification:_identify(.) by extension 'cmake'
[1.075s] Level 1:colcon.colcon_core.package_identification:_identify(.) by extension 'python'
[1.075s] Level 1:colcon.colcon_core.package_identification:_identify(.) by extensions ['python_setup_py']
[1.075s] Level 1:colcon.colcon_core.package_identification:_identify(.) by extension 'python_setup_py'
[1.076s] Level 1:colcon.colcon_core.package_identification:_identify(build) by extensions ['ignore', 'ignore_ament_install']
[1.085s] Level 1:colcon.colcon_core.package_identification:_identify(build) by extension 'ignore'
[1.086s] Level 1:colcon.colcon_core.package_identification:_identify(build) ignored
[1.086s] Level 1:colcon.colcon_core.package_identification:_identify(config) by extensions ['ignore', 'ignore_ament_install']
[1.086s] Level 1:colcon.colcon_core.package_identification:_identify(config) by extension 'ignore'
[1.087s] Level 1:colcon.colcon_core.package_identification:_identify(config) by extension 'ignore_ament_install'
[1.087s] Level 1:colcon.colcon_core.package_identification:_identify(config) by extensions ['colcon_pkg']
[1.087s] Level 1:colcon.colcon_core.package_identification:_identify(config) by extension 'colcon_pkg'
[1.087s] Level 1:colcon.colcon_core.package_identification:_identify(config) by extensions ['colcon_meta']
[1.087s] Level 1:colcon.colcon_core.package_identification:_identify(config) by extension 'colcon_meta'
[1.087s] Level 1:colcon.colcon_core.package_identification:_identify(config) by extensions ['ros']
[1.087s] Level 1:colcon.colcon_core.package_identification:_identify(config) by extension 'ros'
[1.087s] Level 1:colcon.colcon_core.package_identification:_identify(config) by extensions ['cmake', 'python']
[1.087s] Level 1:colcon.colcon_core.package_identification:_identify(config) by extension 'cmake'
[1.088s] Level 1:colcon.colcon_core.package_identification:_identify(config) by extension 'python'
[1.088s] Level 1:colcon.colcon_core.package_identification:_identify(config) by extensions ['python_setup_py']
[1.088s] Level 1:colcon.colcon_core.package_identification:_identify(config) by extension 'python_setup_py'
[1.088s] Level 1:colcon.colcon_core.package_identification:_identify(docker) by extensions ['ignore', 'ignore_ament_install']
[1.088s] Level 1:colcon.colcon_core.package_identification:_identify(docker) by extension 'ignore'
[1.088s] Level 1:colcon.colcon_core.package_identification:_identify(docker) by extension 'ignore_ament_install'
[1.089s] Level 1:colcon.colcon_core.package_identification:_identify(docker) by extensions ['colcon_pkg']
[1.089s] Level 1:colcon.colcon_core.package_identification:_identify(docker) by extension 'colcon_pkg'
[1.089s] Level 1:colcon.colcon_core.package_identification:_identify(docker) by extensions ['colcon_meta']
[1.089s] Level 1:colcon.colcon_core.package_identification:_identify(docker) by extension 'colcon_meta'
[1.089s] Level 1:colcon.colcon_core.package_identification:_identify(docker) by extensions ['ros']
[1.089s] Level 1:colcon.colcon_core.package_identification:_identify(docker) by extension 'ros'
[1.089s] Level 1:colcon.colcon_core.package_identification:_identify(docker) by extensions ['cmake', 'python']
[1.089s] Level 1:colcon.colcon_core.package_identification:_identify(docker) by extension 'cmake'
[1.089s] Level 1:colcon.colcon_core.package_identification:_identify(docker) by extension 'python'
[1.089s] Level 1:colcon.colcon_core.package_identification:_identify(docker) by extensions ['python_setup_py']
[1.090s] Level 1:colcon.colcon_core.package_identification:_identify(docker) by extension 'python_setup_py'
[1.090s] Level 1:colcon.colcon_core.package_identification:_identify(docker/gazebo) by extensions ['ignore', 'ignore_ament_install']
[1.090s] Level 1:colcon.colcon_core.package_identification:_identify(docker/gazebo) by extension 'ignore'
[1.090s] Level 1:colcon.colcon_core.package_identification:_identify(docker/gazebo) by extension 'ignore_ament_install'
[1.091s] Level 1:colcon.colcon_core.package_identification:_identify(docker/gazebo) by extensions ['colcon_pkg']
[1.091s] Level 1:colcon.colcon_core.package_identification:_identify(docker/gazebo) by extension 'colcon_pkg'
[1.091s] Level 1:colcon.colcon_core.package_identification:_identify(docker/gazebo) by extensions ['colcon_meta']
[1.091s] Level 1:colcon.colcon_core.package_identification:_identify(docker/gazebo) by extension 'colcon_meta'
[1.091s] Level 1:colcon.colcon_core.package_identification:_identify(docker/gazebo) by extensions ['ros']
[1.091s] Level 1:colcon.colcon_core.package_identification:_identify(docker/gazebo) by extension 'ros'
[1.091s] Level 1:colcon.colcon_core.package_identification:_identify(docker/gazebo) by extensions ['cmake', 'python']
[1.091s] Level 1:colcon.colcon_core.package_identification:_identify(docker/gazebo) by extension 'cmake'
[1.092s] Level 1:colcon.colcon_core.package_identification:_identify(docker/gazebo) by extension 'python'
[1.092s] Level 1:colcon.colcon_core.package_identification:_identify(docker/gazebo) by extensions ['python_setup_py']
[1.092s] Level 1:colcon.colcon_core.package_identification:_identify(docker/gazebo) by extension 'python_setup_py'
[1.092s] Level 1:colcon.colcon_core.package_identification:_identify(docker/robot) by extensions ['ignore', 'ignore_ament_install']
[1.092s] Level 1:colcon.colcon_core.package_identification:_identify(docker/robot) by extension 'ignore'
[1.092s] Level 1:colcon.colcon_core.package_identification:_identify(docker/robot) by extension 'ignore_ament_install'
[1.092s] Level 1:colcon.colcon_core.package_identification:_identify(docker/robot) by extensions ['colcon_pkg']
[1.092s] Level 1:colcon.colcon_core.package_identification:_identify(docker/robot) by extension 'colcon_pkg'
[1.092s] Level 1:colcon.colcon_core.package_identification:_identify(docker/robot) by extensions ['colcon_meta']
[1.093s] Level 1:colcon.colcon_core.package_identification:_identify(docker/robot) by extension 'colcon_meta'
[1.093s] Level 1:colcon.colcon_core.package_identification:_identify(docker/robot) by extensions ['ros']
[1.093s] Level 1:colcon.colcon_core.package_identification:_identify(docker/robot) by extension 'ros'
[1.093s] Level 1:colcon.colcon_core.package_identification:_identify(docker/robot) by extensions ['cmake', 'python']
[1.093s] Level 1:colcon.colcon_core.package_identification:_identify(docker/robot) by extension 'cmake'
[1.093s] Level 1:colcon.colcon_core.package_identification:_identify(docker/robot) by extension 'python'
[1.093s] Level 1:colcon.colcon_core.package_identification:_identify(docker/robot) by extensions ['python_setup_py']
[1.093s] Level 1:colcon.colcon_core.package_identification:_identify(docker/robot) by extension 'python_setup_py'
[1.093s] Level 1:colcon.colcon_core.package_identification:_identify(docker/samples) by extensions ['ignore', 'ignore_ament_install']
[1.094s] Level 1:colcon.colcon_core.package_identification:_identify(docker/samples) by extension 'ignore'
[1.094s] Level 1:colcon.colcon_core.package_identification:_identify(docker/samples) by extension 'ignore_ament_install'
[1.094s] Level 1:colcon.colcon_core.package_identification:_identify(docker/samples) by extensions ['colcon_pkg']
[1.094s] Level 1:colcon.colcon_core.package_identification:_identify(docker/samples) by extension 'colcon_pkg'
[1.094s] Level 1:colcon.colcon_core.package_identification:_identify(docker/samples) by extensions ['colcon_meta']
[1.094s] Level 1:colcon.colcon_core.package_identification:_identify(docker/samples) by extension 'colcon_meta'
[1.094s] Level 1:colcon.colcon_core.package_identification:_identify(docker/samples) by extensions ['ros']
[1.094s] Level 1:colcon.colcon_core.package_identification:_identify(docker/samples) by extension 'ros'
[1.095s] Level 1:colcon.colcon_core.package_identification:_identify(docker/samples) by extensions ['cmake', 'python']
[1.095s] Level 1:colcon.colcon_core.package_identification:_identify(docker/samples) by extension 'cmake'
[1.095s] Level 1:colcon.colcon_core.package_identification:_identify(docker/samples) by extension 'python'
[1.095s] Level 1:colcon.colcon_core.package_identification:_identify(docker/samples) by extensions ['python_setup_py']
[1.095s] Level 1:colcon.colcon_core.package_identification:_identify(docker/samples) by extension 'python_setup_py'
[1.095s] Level 1:colcon.colcon_core.package_identification:_identify(docker/vis_tools) by extensions ['ignore', 'ignore_ament_install']
[1.095s] Level 1:colcon.colcon_core.package_identification:_identify(docker/vis_tools) by extension 'ignore'
[1.095s] Level 1:colcon.colcon_core.package_identification:_identify(docker/vis_tools) by extension 'ignore_ament_install'
[1.096s] Level 1:colcon.colcon_core.package_identification:_identify(docker/vis_tools) by extensions ['colcon_pkg']
[1.096s] Level 1:colcon.colcon_core.package_identification:_identify(docker/vis_tools) by extension 'colcon_pkg'
[1.096s] Level 1:colcon.colcon_core.package_identification:_identify(docker/vis_tools) by extensions ['colcon_meta']
[1.096s] Level 1:colcon.colcon_core.package_identification:_identify(docker/vis_tools) by extension 'colcon_meta'
[1.096s] Level 1:colcon.colcon_core.package_identification:_identify(docker/vis_tools) by extensions ['ros']
[1.096s] Level 1:colcon.colcon_core.package_identification:_identify(docker/vis_tools) by extension 'ros'
[1.096s] Level 1:colcon.colcon_core.package_identification:_identify(docker/vis_tools) by extensions ['cmake', 'python']
[1.096s] Level 1:colcon.colcon_core.package_identification:_identify(docker/vis_tools) by extension 'cmake'
[1.096s] Level 1:colcon.colcon_core.package_identification:_identify(docker/vis_tools) by extension 'python'
[1.096s] Level 1:colcon.colcon_core.package_identification:_identify(docker/vis_tools) by extensions ['python_setup_py']
[1.096s] Level 1:colcon.colcon_core.package_identification:_identify(docker/vis_tools) by extension 'python_setup_py'
[1.100s] Level 1:colcon.colcon_core.package_identification:_identify(install) by extensions ['ignore', 'ignore_ament_install']
[1.100s] Level 1:colcon.colcon_core.package_identification:_identify(install) by extension 'ignore'
[1.100s] Level 1:colcon.colcon_core.package_identification:_identify(install) ignored
[1.100s] Level 1:colcon.colcon_core.package_identification:_identify(log) by extensions ['ignore', 'ignore_ament_install']
[1.101s] Level 1:colcon.colcon_core.package_identification:_identify(log) by extension 'ignore'
[1.101s] Level 1:colcon.colcon_core.package_identification:_identify(log) ignored
[1.101s] Level 1:colcon.colcon_core.package_identification:_identify(modules) by extensions ['ignore', 'ignore_ament_install']
[1.101s] Level 1:colcon.colcon_core.package_identification:_identify(modules) by extension 'ignore'
[1.101s] Level 1:colcon.colcon_core.package_identification:_identify(modules) by extension 'ignore_ament_install'
[1.101s] Level 1:colcon.colcon_core.package_identification:_identify(modules) by extensions ['colcon_pkg']
[1.101s] Level 1:colcon.colcon_core.package_identification:_identify(modules) by extension 'colcon_pkg'
[1.101s] Level 1:colcon.colcon_core.package_identification:_identify(modules) by extensions ['colcon_meta']
[1.102s] Level 1:colcon.colcon_core.package_identification:_identify(modules) by extension 'colcon_meta'
[1.102s] Level 1:colcon.colcon_core.package_identification:_identify(modules) by extensions ['ros']
[1.102s] Level 1:colcon.colcon_core.package_identification:_identify(modules) by extension 'ros'
[1.102s] Level 1:colcon.colcon_core.package_identification:_identify(modules) by extensions ['cmake', 'python']
[1.102s] Level 1:colcon.colcon_core.package_identification:_identify(modules) by extension 'cmake'
[1.102s] Level 1:colcon.colcon_core.package_identification:_identify(modules) by extension 'python'
[1.102s] Level 1:colcon.colcon_core.package_identification:_identify(modules) by extensions ['python_setup_py']
[1.102s] Level 1:colcon.colcon_core.package_identification:_identify(modules) by extension 'python_setup_py'
[1.102s] Level 1:colcon.colcon_core.package_identification:_identify(src) by extensions ['ignore', 'ignore_ament_install']
[1.102s] Level 1:colcon.colcon_core.package_identification:_identify(src) by extension 'ignore'
[1.103s] Level 1:colcon.colcon_core.package_identification:_identify(src) by extension 'ignore_ament_install'
[1.103s] Level 1:colcon.colcon_core.package_identification:_identify(src) by extensions ['colcon_pkg']
[1.103s] Level 1:colcon.colcon_core.package_identification:_identify(src) by extension 'colcon_pkg'
[1.103s] Level 1:colcon.colcon_core.package_identification:_identify(src) by extensions ['colcon_meta']
[1.103s] Level 1:colcon.colcon_core.package_identification:_identify(src) by extension 'colcon_meta'
[1.103s] Level 1:colcon.colcon_core.package_identification:_identify(src) by extensions ['ros']
[1.103s] Level 1:colcon.colcon_core.package_identification:_identify(src) by extension 'ros'
[1.103s] Level 1:colcon.colcon_core.package_identification:_identify(src) by extensions ['cmake', 'python']
[1.103s] Level 1:colcon.colcon_core.package_identification:_identify(src) by extension 'cmake'
[1.103s] Level 1:colcon.colcon_core.package_identification:_identify(src) by extension 'python'
[1.103s] Level 1:colcon.colcon_core.package_identification:_identify(src) by extensions ['python_setup_py']
[1.103s] Level 1:colcon.colcon_core.package_identification:_identify(src) by extension 'python_setup_py'
[1.104s] Level 1:colcon.colcon_core.package_identification:_identify(src/gazebo) by extensions ['ignore', 'ignore_ament_install']
[1.104s] Level 1:colcon.colcon_core.package_identification:_identify(src/gazebo) by extension 'ignore'
[1.104s] Level 1:colcon.colcon_core.package_identification:_identify(src/gazebo) by extension 'ignore_ament_install'
[1.104s] Level 1:colcon.colcon_core.package_identification:_identify(src/gazebo) by extensions ['colcon_pkg']
[1.104s] Level 1:colcon.colcon_core.package_identification:_identify(src/gazebo) by extension 'colcon_pkg'
[1.104s] Level 1:colcon.colcon_core.package_identification:_identify(src/gazebo) by extensions ['colcon_meta']
[1.104s] Level 1:colcon.colcon_core.package_identification:_identify(src/gazebo) by extension 'colcon_meta'
[1.104s] Level 1:colcon.colcon_core.package_identification:_identify(src/gazebo) by extensions ['ros']
[1.104s] Level 1:colcon.colcon_core.package_identification:_identify(src/gazebo) by extension 'ros'
[1.112s] DEBUG:colcon.colcon_core.package_identification:Package 'src/gazebo' with type 'ros.ament_cmake' and name 'gazebo'
[1.112s] Level 1:colcon.colcon_core.package_identification:_identify(src/robot) by extensions ['ignore', 'ignore_ament_install']
[1.112s] Level 1:colcon.colcon_core.package_identification:_identify(src/robot) by extension 'ignore'
[1.112s] Level 1:colcon.colcon_core.package_identification:_identify(src/robot) by extension 'ignore_ament_install'
[1.118s] Level 1:colcon.colcon_core.package_identification:_identify(src/robot) by extensions ['colcon_pkg']
[1.118s] Level 1:colcon.colcon_core.package_identification:_identify(src/robot) by extension 'colcon_pkg'
[1.118s] Level 1:colcon.colcon_core.package_identification:_identify(src/robot) by extensions ['colcon_meta']
[1.119s] Level 1:colcon.colcon_core.package_identification:_identify(src/robot) by extension 'colcon_meta'
[1.119s] Level 1:colcon.colcon_core.package_identification:_identify(src/robot) by extensions ['ros']
[1.119s] Level 1:colcon.colcon_core.package_identification:_identify(src/robot) by extension 'ros'
[1.120s] Level 1:colcon.colcon_core.package_identification:_identify(src/robot) by extensions ['cmake', 'python']
[1.120s] Level 1:colcon.colcon_core.package_identification:_identify(src/robot) by extension 'cmake'
[1.120s] Level 1:colcon.colcon_core.package_identification:_identify(src/robot) by extension 'python'
[1.121s] Level 1:colcon.colcon_core.package_identification:_identify(src/robot) by extensions ['python_setup_py']
[1.121s] Level 1:colcon.colcon_core.package_identification:_identify(src/robot) by extension 'python_setup_py'
[1.124s] Level 1:colcon.colcon_core.package_identification:_identify(src/robot/bringup_robot) by extensions ['ignore', 'ignore_ament_install']
[1.125s] Level 1:colcon.colcon_core.package_identification:_identify(src/robot/bringup_robot) by extension 'ignore'
[1.125s] Level 1:colcon.colcon_core.package_identification:_identify(src/robot/bringup_robot) by extension 'ignore_ament_install'
[1.126s] Level 1:colcon.colcon_core.package_identification:_identify(src/robot/bringup_robot) by extensions ['colcon_pkg']
[1.126s] Level 1:colcon.colcon_core.package_identification:_identify(src/robot/bringup_robot) by extension 'colcon_pkg'
[1.126s] Level 1:colcon.colcon_core.package_identification:_identify(src/robot/bringup_robot) by extensions ['colcon_meta']
[1.126s] Level 1:colcon.colcon_core.package_identification:_identify(src/robot/bringup_robot) by extension 'colcon_meta'
[1.127s] Level 1:colcon.colcon_core.package_identification:_identify(src/robot/bringup_robot) by extensions ['ros']
[1.127s] Level 1:colcon.colcon_core.package_identification:_identify(src/robot/bringup_robot) by extension 'ros'
[1.132s] DEBUG:colcon.colcon_core.package_identification:Package 'src/robot/bringup_robot' with type 'ros.ament_cmake' and name 'bringup_robot'
[1.132s] Level 1:colcon.colcon_core.package_identification:_identify(src/robot/control) by extensions ['ignore', 'ignore_ament_install']
[1.132s] Level 1:colcon.colcon_core.package_identification:_identify(src/robot/control) by extension 'ignore'
[1.132s] Level 1:colcon.colcon_core.package_identification:_identify(src/robot/control) by extension 'ignore_ament_install'
[1.133s] Level 1:colcon.colcon_core.package_identification:_identify(src/robot/control) by extensions ['colcon_pkg']
[1.133s] Level 1:colcon.colcon_core.package_identification:_identify(src/robot/control) by extension 'colcon_pkg'
[1.133s] Level 1:colcon.colcon_core.package_identification:_identify(src/robot/control) by extensions ['colcon_meta']
[1.133s] Level 1:colcon.colcon_core.package_identification:_identify(src/robot/control) by extension 'colcon_meta'
[1.133s] Level 1:colcon.colcon_core.package_identification:_identify(src/robot/control) by extensions ['ros']
[1.133s] Level 1:colcon.colcon_core.package_identification:_identify(src/robot/control) by extension 'ros'
[1.134s] DEBUG:colcon.colcon_core.package_identification:Package 'src/robot/control' with type 'ros.ament_cmake' and name 'control'
[1.134s] Level 1:colcon.colcon_core.package_identification:_identify(src/robot/costmap) by extensions ['ignore', 'ignore_ament_install']
[1.134s] Level 1:colcon.colcon_core.package_identification:_identify(src/robot/costmap) by extension 'ignore'
[1.134s] Level 1:colcon.colcon_core.package_identification:_identify(src/robot/costmap) by extension 'ignore_ament_install'
[1.134s] Level 1:colcon.colcon_core.package_identification:_identify(src/robot/costmap) by extensions ['colcon_pkg']
[1.134s] Level 1:colcon.colcon_core.package_identification:_identify(src/robot/costmap) by extension 'colcon_pkg'
[1.135s] Level 1:colcon.colcon_core.package_identification:_identify(src/robot/costmap) by extensions ['colcon_meta']
[1.135s] Level 1:colcon.colcon_core.package_identification:_identify(src/robot/costmap) by extension 'colcon_meta'
[1.135s] Level 1:colcon.colcon_core.package_identification:_identify(src/robot/costmap) by extensions ['ros']
[1.135s] Level 1:colcon.colcon_core.package_identification:_identify(src/robot/costmap) by extension 'ros'
[1.149s] DEBUG:colcon.colcon_core.package_identification:Package 'src/robot/costmap' with type 'ros.ament_cmake' and name 'costmap'
[1.149s] Level 1:colcon.colcon_core.package_identification:_identify(src/robot/map_memory) by extensions ['ignore', 'ignore_ament_install']
[1.150s] Level 1:colcon.colcon_core.package_identification:_identify(src/robot/map_memory) by extension 'ignore'
[1.150s] Level 1:colcon.colcon_core.package_identification:_identify(src/robot/map_memory) by extension 'ignore_ament_install'
[1.151s] Level 1:colcon.colcon_core.package_identification:_identify(src/robot/map_memory) by extensions ['colcon_pkg']
[1.151s] Level 1:colcon.colcon_core.package_identification:_identify(src/robot/map_memory) by extension 'colcon_pkg'
[1.152s] Level 1:colcon.colcon_core.package_identification:_identify(src/robot/map_memory) by extensions ['colcon_meta']
[1.152s] Level 1:colcon.colcon_core.package_identification:_identify(src/robot/map_memory) by extension 'colcon_meta'
[1.157s] Level 1:colcon.colcon_core.package_identification:_identify(src/robot/map_memory) by extensions ['ros']
[1.157s] Level 1:colcon.colcon_core.package_identification:_identify(src/robot/map_memory) by extension 'ros'
[1.159s] DEBUG:colcon.colcon_core.package_identification:Package 'src/robot/map_memory' with type 'ros.ament_cmake' and name 'map_memory'
[1.159s] Level 1:colcon.colcon_core.package_identification:_identify(src/robot/odometry_spoof) by extensions ['ignore', 'ignore_ament_install']
[1.159s] Level 1:colcon.colcon_core.package_identification:_identify(src/robot/odometry_spoof) by extension 'ignore'
[1.159s] Level 1:colcon.colcon_core.package_identification:_identify(src/robot/odometry_spoof) by extension 'ignore_ament_install'
[1.160s] Level 1:colcon.colcon_core.package_identification:_identify(src/robot/odometry_spoof) by extensions ['colcon_pkg']
[1.160s] Level 1:colcon.colcon_core.package_identification:_identify(src/robot/odometry_spoof) by extension 'colcon_pkg'
[1.160s] Level 1:colcon.colcon_core.package_identification:_identify(src/robot/odometry_spoof) by extensions ['colcon_meta']
[1.160s] Level 1:colcon.colcon_core.package_identification:_identify(src/robot/odometry_spoof) by extension 'colcon_meta'
[1.160s] Level 1:colcon.colcon_core.package_identification:_identify(src/robot/odometry_spoof) by extensions ['ros']
[1.160s] Level 1:colcon.colcon_core.package_identification:_identify(src/robot/odometry_spoof) by extension 'ros'
[1.162s] DEBUG:colcon.colcon_core.package_identification:Package 'src/robot/odometry_spoof' with type 'ros.ament_cmake' and name 'odometry_spoof'
[1.162s] Level 1:colcon.colcon_core.package_identification:_identify(src/robot/planner) by extensions ['ignore', 'ignore_ament_install']
[1.162s] Level 1:colcon.colcon_core.package_identification:_identify(src/robot/planner) by extension 'ignore'
[1.163s] Level 1:colcon.colcon_core.package_identification:_identify(src/robot/planner) by extension 'ignore_ament_install'
[1.163s] Level 1:colcon.colcon_core.package_identification:_identify(src/robot/planner) by extensions ['colcon_pkg']
[1.163s] Level 1:colcon.colcon_core.package_identification:_identify(src/robot/planner) by extension 'colcon_pkg'
[1.163s] Level 1:colcon.colcon_core.package_identification:_identify(src/robot/planner) by extensions ['colcon_meta']
[1.163s] Level 1:colcon.colcon_core.package_identification:_identify(src/robot/planner) by extension 'colcon_meta'
[1.163s] Level 1:colcon.colcon_core.package_identification:_identify(src/robot/planner) by extensions ['ros']
[1.163s] Level 1:colcon.colcon_core.package_identification:_identify(src/robot/planner) by extension 'ros'
[1.164s] DEBUG:colcon.colcon_core.package_identification:Package 'src/robot/planner' with type 'ros.ament_cmake' and name 'planner'
[1.165s] Level 1:colcon.colcon_core.package_identification:_identify(src/samples) by extensions ['ignore', 'ignore_ament_install']
[1.165s] Level 1:colcon.colcon_core.package_identification:_identify(src/samples) by extension 'ignore'
[1.165s] Level 1:colcon.colcon_core.package_identification:_identify(src/samples) by extension 'ignore_ament_install'
[1.165s] Level 1:colcon.colcon_core.package_identification:_identify(src/samples) by extensions ['colcon_pkg']
[1.165s] Level 1:colcon.colcon_core.package_identification:_identify(src/samples) by extension 'colcon_pkg'
[1.165s] Level 1:colcon.colcon_core.package_identification:_identify(src/samples) by extensions ['colcon_meta']
[1.165s] Level 1:colcon.colcon_core.package_identification:_identify(src/samples) by extension 'colcon_meta'
[1.166s] Level 1:colcon.colcon_core.package_identification:_identify(src/samples) by extensions ['ros']
[1.166s] Level 1:colcon.colcon_core.package_identification:_identify(src/samples) by extension 'ros'
[1.166s] Level 1:colcon.colcon_core.package_identification:_identify(src/samples) by extensions ['cmake', 'python']
[1.166s] Level 1:colcon.colcon_core.package_identification:_identify(src/samples) by extension 'cmake'
[1.166s] Level 1:colcon.colcon_core.package_identification:_identify(src/samples) by extension 'python'
[1.166s] Level 1:colcon.colcon_core.package_identification:_identify(src/samples) by extensions ['python_setup_py']
[1.166s] Level 1:colcon.colcon_core.package_identification:_identify(src/samples) by extension 'python_setup_py'
[1.166s] Level 1:colcon.colcon_core.package_identification:_identify(src/samples/cpp) by extensions ['ignore', 'ignore_ament_install']
[1.167s] Level 1:colcon.colcon_core.package_identification:_identify(src/samples/cpp) by extension 'ignore'
[1.167s] Level 1:colcon.colcon_core.package_identification:_identify(src/samples/cpp) by extension 'ignore_ament_install'
[1.167s] Level 1:colcon.colcon_core.package_identification:_identify(src/samples/cpp) by extensions ['colcon_pkg']
[1.167s] Level 1:colcon.colcon_core.package_identification:_identify(src/samples/cpp) by extension 'colcon_pkg'
[1.167s] Level 1:colcon.colcon_core.package_identification:_identify(src/samples/cpp) by extensions ['colcon_meta']
[1.167s] Level 1:colcon.colcon_core.package_identification:_identify(src/samples/cpp) by extension 'colcon_meta'
[1.167s] Level 1:colcon.colcon_core.package_identification:_identify(src/samples/cpp) by extensions ['ros']
[1.167s] Level 1:colcon.colcon_core.package_identification:_identify(src/samples/cpp) by extension 'ros'
[1.168s] Level 1:colcon.colcon_core.package_identification:_identify(src/samples/cpp) by extensions ['cmake', 'python']
[1.168s] Level 1:colcon.colcon_core.package_identification:_identify(src/samples/cpp) by extension 'cmake'
[1.168s] Level 1:colcon.colcon_core.package_identification:_identify(src/samples/cpp) by extension 'python'
[1.168s] Level 1:colcon.colcon_core.package_identification:_identify(src/samples/cpp) by extensions ['python_setup_py']
[1.168s] Level 1:colcon.colcon_core.package_identification:_identify(src/samples/cpp) by extension 'python_setup_py'
[1.169s] Level 1:colcon.colcon_core.package_identification:_identify(src/samples/cpp/aggregator) by extensions ['ignore', 'ignore_ament_install']
[1.171s] Level 1:colcon.colcon_core.package_identification:_identify(src/samples/cpp/aggregator) by extension 'ignore'
[1.171s] Level 1:colcon.colcon_core.package_identification:_identify(src/samples/cpp/aggregator) by extension 'ignore_ament_install'
[1.175s] Level 1:colcon.colcon_core.package_identification:_identify(src/samples/cpp/aggregator) by extensions ['colcon_pkg']
[1.175s] Level 1:colcon.colcon_core.package_identification:_identify(src/samples/cpp/aggregator) by extension 'colcon_pkg'
[1.175s] Level 1:colcon.colcon_core.package_identification:_identify(src/samples/cpp/aggregator) by extensions ['colcon_meta']
[1.175s] Level 1:colcon.colcon_core.package_identification:_identify(src/samples/cpp/aggregator) by extension 'colcon_meta'
[1.176s] Level 1:colcon.colcon_core.package_identification:_identify(src/samples/cpp/aggregator) by extensions ['ros']
[1.176s] Level 1:colcon.colcon_core.package_identification:_identify(src/samples/cpp/aggregator) by extension 'ros'
[1.177s] DEBUG:colcon.colcon_core.package_identification:Package 'src/samples/cpp/aggregator' with type 'ros.ament_cmake' and name 'aggregator'
[1.177s] Level 1:colcon.colcon_core.package_identification:_identify(src/samples/cpp/producer) by extensions ['ignore', 'ignore_ament_install']
[1.179s] Level 1:colcon.colcon_core.package_identification:_identify(src/samples/cpp/producer) by extension 'ignore'
[1.179s] Level 1:colcon.colcon_core.package_identification:_identify(src/samples/cpp/producer) by extension 'ignore_ament_install'
[1.179s] Level 1:colcon.colcon_core.package_identification:_identify(src/samples/cpp/producer) by extensions ['colcon_pkg']
[1.179s] Level 1:colcon.colcon_core.package_identification:_identify(src/samples/cpp/producer) by extension 'colcon_pkg'
[1.179s] Level 1:colcon.colcon_core.package_identification:_identify(src/samples/cpp/producer) by extensions ['colcon_meta']
[1.180s] Level 1:colcon.colcon_core.package_identification:_identify(src/samples/cpp/producer) by extension 'colcon_meta'
[1.180s] Level 1:colcon.colcon_core.package_identification:_identify(src/samples/cpp/producer) by extensions ['ros']
[1.180s] Level 1:colcon.colcon_core.package_identification:_identify(src/samples/cpp/producer) by extension 'ros'
[1.181s] DEBUG:colcon.colcon_core.package_identification:Package 'src/samples/cpp/producer' with type 'ros.ament_cmake' and name 'producer'
[1.181s] Level 1:colcon.colcon_core.package_identification:_identify(src/samples/cpp/transformer) by extensions ['ignore', 'ignore_ament_install']
[1.182s] Level 1:colcon.colcon_core.package_identification:_identify(src/samples/cpp/transformer) by extension 'ignore'
[1.182s] Level 1:colcon.colcon_core.package_identification:_identify(src/samples/cpp/transformer) by extension 'ignore_ament_install'
[1.182s] Level 1:colcon.colcon_core.package_identification:_identify(src/samples/cpp/transformer) by extensions ['colcon_pkg']
[1.182s] Level 1:colcon.colcon_core.package_identification:_identify(src/samples/cpp/transformer) by extension 'colcon_pkg'
[1.182s] Level 1:colcon.colcon_core.package_identification:_identify(src/samples/cpp/transformer) by extensions ['colcon_meta']
[1.182s] Level 1:colcon.colcon_core.package_identification:_identify(src/samples/cpp/transformer) by extension 'colcon_meta'
[1.182s] Level 1:colcon.colcon_core.package_identification:_identify(src/samples/cpp/transformer) by extensions ['ros']
[1.182s] Level 1:colcon.colcon_core.package_identification:_identify(src/samples/cpp/transformer) by extension 'ros'
[1.185s] DEBUG:colcon.colcon_core.package_identification:Package 'src/samples/cpp/transformer' with type 'ros.ament_cmake' and name 'transformer'
[1.187s] Level 1:colcon.colcon_core.package_identification:_identify(src/samples/python) by extensions ['ignore', 'ignore_ament_install']
[1.187s] Level 1:colcon.colcon_core.package_identification:_identify(src/samples/python) by extension 'ignore'
[1.187s] Level 1:colcon.colcon_core.package_identification:_identify(src/samples/python) by extension 'ignore_ament_install'
[1.188s] Level 1:colcon.colcon_core.package_identification:_identify(src/samples/python) by extensions ['colcon_pkg']
[1.188s] Level 1:colcon.colcon_core.package_identification:_identify(src/samples/python) by extension 'colcon_pkg'
[1.188s] Level 1:colcon.colcon_core.package_identification:_identify(src/samples/python) by extensions ['colcon_meta']
[1.188s] Level 1:colcon.colcon_core.package_identification:_identify(src/samples/python) by extension 'colcon_meta'
[1.189s] Level 1:colcon.colcon_core.package_identification:_identify(src/samples/python) by extensions ['ros']
[1.189s] Level 1:colcon.colcon_core.package_identification:_identify(src/samples/python) by extension 'ros'
[1.190s] Level 1:colcon.colcon_core.package_identification:_identify(src/samples/python) by extensions ['cmake', 'python']
[1.190s] Level 1:colcon.colcon_core.package_identification:_identify(src/samples/python) by extension 'cmake'
[1.190s] Level 1:colcon.colcon_core.package_identification:_identify(src/samples/python) by extension 'python'
[1.191s] Level 1:colcon.colcon_core.package_identification:_identify(src/samples/python) by extensions ['python_setup_py']
[1.192s] Level 1:colcon.colcon_core.package_identification:_identify(src/samples/python) by extension 'python_setup_py'
[1.195s] Level 1:colcon.colcon_core.package_identification:_identify(src/samples/python/aggregator) by extensions ['ignore', 'ignore_ament_install']
[1.195s] Level 1:colcon.colcon_core.package_identification:_identify(src/samples/python/aggregator) by extension 'ignore'
[1.195s] Level 1:colcon.colcon_core.package_identification:_identify(src/samples/python/aggregator) by extension 'ignore_ament_install'
[1.196s] Level 1:colcon.colcon_core.package_identification:_identify(src/samples/python/aggregator) by extensions ['colcon_pkg']
[1.196s] Level 1:colcon.colcon_core.package_identification:_identify(src/samples/python/aggregator) by extension 'colcon_pkg'
[1.196s] Level 1:colcon.colcon_core.package_identification:_identify(src/samples/python/aggregator) by extensions ['colcon_meta']
[1.196s] Level 1:colcon.colcon_core.package_identification:_identify(src/samples/python/aggregator) by extension 'colcon_meta'
[1.196s] Level 1:colcon.colcon_core.package_identification:_identify(src/samples/python/aggregator) by extensions ['ros']
[1.196s] Level 1:colcon.colcon_core.package_identification:_identify(src/samples/python/aggregator) by extension 'ros'
[1.197s] DEBUG:colcon.colcon_core.package_identification:Package 'src/samples/python/aggregator' with type 'ros.ament_python' and name 'aggregator'
[1.198s] Level 1:colcon.colcon_core.package_identification:_identify(src/samples/python/producer) by extensions ['ignore', 'ignore_ament_install']
[1.199s] Level 1:colcon.colcon_core.package_identification:_identify(src/samples/python/producer) by extension 'ignore'
[1.199s] Level 1:colcon.colcon_core.package_identification:_identify(src/samples/python/producer) by extension 'ignore_ament_install'
[1.201s] Level 1:colcon.colcon_core.package_identification:_identify(src/samples/python/producer) by extensions ['colcon_pkg']
[1.201s] Level 1:colcon.colcon_core.package_identification:_identify(src/samples/python/producer) by extension 'colcon_pkg'
[1.201s] Level 1:colcon.colcon_core.package_identification:_identify(src/samples/python/producer) by extensions ['colcon_meta']
[1.201s] Level 1:colcon.colcon_core.package_identification:_identify(src/samples/python/producer) by extension 'colcon_meta'
[1.201s] Level 1:colcon.colcon_core.package_identification:_identify(src/samples/python/producer) by extensions ['ros']
[1.201s] Level 1:colcon.colcon_core.package_identification:_identify(src/samples/python/producer) by extension 'ros'
[1.203s] DEBUG:colcon.colcon_core.package_identification:Package 'src/samples/python/producer' with type 'ros.ament_python' and name 'producer'
[1.203s] Level 1:colcon.colcon_core.package_identification:_identify(src/samples/python/transformer) by extensions ['ignore', 'ignore_ament_install']
[1.204s] Level 1:colcon.colcon_core.package_identification:_identify(src/samples/python/transformer) by extension 'ignore'
[1.205s] Level 1:colcon.colcon_core.package_identification:_identify(src/samples/python/transformer) by extension 'ignore_ament_install'
[1.206s] Level 1:colcon.colcon_core.package_identification:_identify(src/samples/python/transformer) by extensions ['colcon_pkg']
[1.206s] Level 1:colcon.colcon_core.package_identification:_identify(src/samples/python/transformer) by extension 'colcon_pkg'
[1.206s] Level 1:colcon.colcon_core.package_identification:_identify(src/samples/python/transformer) by extensions ['colcon_meta']
[1.207s] Level 1:colcon.colcon_core.package_identification:_identify(src/samples/python/transformer) by extension 'colcon_meta'
[1.207s] Level 1:colcon.colcon_core.package_identification:_identify(src/samples/python/transformer) by extensions ['ros']
[1.207s] Level 1:colcon.colcon_core.package_identification:_identify(src/samples/python/transformer) by extension 'ros'
[1.211s] DEBUG:colcon.colcon_core.package_identification:Package 'src/samples/python/transformer' with type 'ros.ament_python' and name 'transformer'
[1.211s] Level 1:colcon.colcon_core.package_identification:_identify(src/samples/sample_msgs) by extensions ['ignore', 'ignore_ament_install']
[1.211s] Level 1:colcon.colcon_core.package_identification:_identify(src/samples/sample_msgs) by extension 'ignore'
[1.212s] Level 1:colcon.colcon_core.package_identification:_identify(src/samples/sample_msgs) by extension 'ignore_ament_install'
[1.212s] Level 1:colcon.colcon_core.package_identification:_identify(src/samples/sample_msgs) by extensions ['colcon_pkg']
[1.212s] Level 1:colcon.colcon_core.package_identification:_identify(src/samples/sample_msgs) by extension 'colcon_pkg'
[1.212s] Level 1:colcon.colcon_core.package_identification:_identify(src/samples/sample_msgs) by extensions ['colcon_meta']
[1.212s] Level 1:colcon.colcon_core.package_identification:_identify(src/samples/sample_msgs) by extension 'colcon_meta'
[1.212s] Level 1:colcon.colcon_core.package_identification:_identify(src/samples/sample_msgs) by extensions ['ros']
[1.212s] Level 1:colcon.colcon_core.package_identification:_identify(src/samples/sample_msgs) by extension 'ros'
[1.213s] DEBUG:colcon.colcon_core.package_identification:Package 'src/samples/sample_msgs' with type 'ros.ament_cmake' and name 'sample_msgs'
[1.214s] Level 1:colcon.colcon_core.package_identification:_identify(src/wato_msgs) by extensions ['ignore', 'ignore_ament_install']
[1.214s] Level 1:colcon.colcon_core.package_identification:_identify(src/wato_msgs) by extension 'ignore'
[1.214s] Level 1:colcon.colcon_core.package_identification:_identify(src/wato_msgs) by extension 'ignore_ament_install'
[1.214s] Level 1:colcon.colcon_core.package_identification:_identify(src/wato_msgs) by extensions ['colcon_pkg']
[1.214s] Level 1:colcon.colcon_core.package_identification:_identify(src/wato_msgs) by extension 'colcon_pkg'
[1.214s] Level 1:colcon.colcon_core.package_identification:_identify(src/wato_msgs) by extensions ['colcon_meta']
[1.214s] Level 1:colcon.colcon_core.package_identification:_identify(src/wato_msgs) by extension 'colcon_meta'
[1.214s] Level 1:colcon.colcon_core.package_identification:_identify(src/wato_msgs) by extensions ['ros']
[1.215s] Level 1:colcon.colcon_core.package_identification:_identify(src/wato_msgs) by extension 'ros'
[1.215s] Level 1:colcon.colcon_core.package_identification:_identify(src/wato_msgs) by extensions ['cmake', 'python']
[1.215s] Level 1:colcon.colcon_core.package_identification:_identify(src/wato_msgs) by extension 'cmake'
[1.215s] Level 1:colcon.colcon_core.package_identification:_identify(src/wato_msgs) by extension 'python'
[1.215s] Level 1:colcon.colcon_core.package_identification:_identify(src/wato_msgs) by extensions ['python_setup_py']
[1.215s] Level 1:colcon.colcon_core.package_identification:_identify(src/wato_msgs) by extension 'python_setup_py'
[1.215s] Level 1:colcon.colcon_core.package_identification:_identify(src/wato_msgs/sample_msgs) by extensions ['ignore', 'ignore_ament_install']
[1.218s] Level 1:colcon.colcon_core.package_identification:_identify(src/wato_msgs/sample_msgs) by extension 'ignore'
[1.219s] Level 1:colcon.colcon_core.package_identification:_identify(src/wato_msgs/sample_msgs) by extension 'ignore_ament_install'
[1.220s] Level 1:colcon.colcon_core.package_identification:_identify(src/wato_msgs/sample_msgs) by extensions ['colcon_pkg']
[1.220s] Level 1:colcon.colcon_core.package_identification:_identify(src/wato_msgs/sample_msgs) by extension 'colcon_pkg'
[1.220s] Level 1:colcon.colcon_core.package_identification:_identify(src/wato_msgs/sample_msgs) by extensions ['colcon_meta']
[1.220s] Level 1:colcon.colcon_core.package_identification:_identify(src/wato_msgs/sample_msgs) by extension 'colcon_meta'
[1.220s] Level 1:colcon.colcon_core.package_identification:_identify(src/wato_msgs/sample_msgs) by extensions ['ros']
[1.220s] Level 1:colcon.colcon_core.package_identification:_identify(src/wato_msgs/sample_msgs) by extension 'ros'
[1.222s] DEBUG:colcon.colcon_core.package_identification:Package 'src/wato_msgs/sample_msgs' with type 'ros.ament_cmake' and name 'sample_msgs'
[1.222s] Level 1:colcon.colcon_core.package_identification:_identify(watod_scripts) by extensions ['ignore', 'ignore_ament_install']
[1.222s] Level 1:colcon.colcon_core.package_identification:_identify(watod_scripts) by extension 'ignore'
[1.222s] Level 1:colcon.colcon_core.package_identification:_identify(watod_scripts) by extension 'ignore_ament_install'
[1.223s] Level 1:colcon.colcon_core.package_identification:_identify(watod_scripts) by extensions ['colcon_pkg']
[1.223s] Level 1:colcon.colcon_core.package_identification:_identify(watod_scripts) by extension 'colcon_pkg'
[1.223s] Level 1:colcon.colcon_core.package_identification:_identify(watod_scripts) by extensions ['colcon_meta']
[1.223s] Level 1:colcon.colcon_core.package_identification:_identify(watod_scripts) by extension 'colcon_meta'
[1.223s] Level 1:colcon.colcon_core.package_identification:_identify(watod_scripts) by extensions ['ros']
[1.223s] Level 1:colcon.colcon_core.package_identification:_identify(watod_scripts) by extension 'ros'
[1.223s] Level 1:colcon.colcon_core.package_identification:_identify(watod_scripts) by extensions ['cmake', 'python']
[1.223s] Level 1:colcon.colcon_core.package_identification:_identify(watod_scripts) by extension 'cmake'
[1.224s] Level 1:colcon.colcon_core.package_identification:_identify(watod_scripts) by extension 'python'
[1.224s] Level 1:colcon.colcon_core.package_identification:_identify(watod_scripts) by extensions ['python_setup_py']
[1.224s] Level 1:colcon.colcon_core.package_identification:_identify(watod_scripts) by extension 'python_setup_py'
[1.224s] Level 1:colcon.colcon_core.package_discovery:discover_packages(recursive) using defaults
[1.224s] Level 1:colcon.colcon_core.package_discovery:discover_packages(ignore) discover
[1.224s] Level 1:colcon.colcon_core.package_discovery:discover_packages(ignore) using defaults
[1.224s] Level 1:colcon.colcon_core.package_discovery:discover_packages(path) discover
[1.225s] Level 1:colcon.colcon_core.package_discovery:discover_packages(path) using defaults
[1.319s] INFO:colcon.colcon_core.package_selection:Skipping not selected package 'aggregator' in 'src/samples/python/aggregator'
[1.319s] INFO:colcon.colcon_core.package_selection:Skipping not selected package 'control' in 'src/robot/control'
[1.320s] INFO:colcon.colcon_core.package_selection:Skipping not selected package 'gazebo' in 'src/gazebo'
[1.320s] INFO:colcon.colcon_core.package_selection:Skipping not selected package 'map_memory' in 'src/robot/map_memory'
[1.320s] INFO:colcon.colcon_core.package_selection:Skipping not selected package 'odometry_spoof' in 'src/robot/odometry_spoof'
[1.320s] INFO:colcon.colcon_core.package_selection:Skipping not selected package 'planner' in 'src/robot/planner'
[1.320s] INFO:colcon.colcon_core.package_selection:Skipping not selected package 'producer' in 'src/samples/python/producer'
[1.331s] INFO:colcon.colcon_core.package_selection:Skipping not selected package 'sample_msgs' in 'src/samples/sample_msgs'
[1.332s] INFO:colcon.colcon_core.package_selection:Skipping not selected package 'sample_msgs' in 'src/wato_msgs/sample_msgs'
[1.332s] INFO:colcon.colcon_core.package_selection:Skipping not selected package 'transformer' in 'src/samples/python/transformer'
[1.332s] INFO:colcon.colcon_core.package_selection:Skipping not selected package 'aggregator' in 'src/samples/cpp/aggregator'
[1.332s] INFO:colcon.colcon_core.package_selection:Skipping not selected package 'bringup_robot' in 'src/robot/bringup_robot'
[1.332s] INFO:colcon.colcon_core.package_selection:Skipping not selected package 'producer' in 'src/samples/cpp/producer'
[1.332s] INFO:colcon.colcon_core.package_selection:Skipping not selected package 'transformer' in 'src/samples/cpp/transformer'
[1.333s] Level 5:colcon.colcon_core.verb:set package 'costmap' build argument 'cmake_args' from command line to 'None'
[1.333s] Level 5:colcon.colcon_core.verb:set package 'costmap' build argument 'cmake_target' from command line to 'None'
[1.333s] Level 5:colcon.colcon_core.verb:set package 'costmap' build argument 'cmake_target_skip_unavailable' from command line to 'False'
[1.348s] Level 5:colcon.colcon_core.verb:set package 'costmap' build argument 'cmake_clean_cache' from command line to 'False'
[1.348s] Level 5:colcon.colcon_core.verb:set package 'costmap' build argument 'cmake_clean_first' from command line to 'False'
[1.348s] Level 5:colcon.colcon_core.verb:set package 'costmap' build argument 'cmake_force_configure' from command line to 'False'
[1.348s] Level 5:colcon.colcon_core.verb:set package 'costmap' build argument 'ament_cmake_args' from command line to 'None'
[1.349s] Level 5:colcon.colcon_core.verb:set package 'costmap' build argument 'catkin_cmake_args' from command line to 'None'
[1.349s] Level 5:colcon.colcon_core.verb:set package 'costmap' build argument 'catkin_skip_building_tests' from command line to 'False'
[1.349s] DEBUG:colcon.colcon_core.verb:Building package 'costmap' with the following arguments: {'ament_cmake_args': None, 'build_base': '/home/joshua/wato_asd_training/build/costmap', 'catkin_cmake_args': None, 'catkin_skip_building_tests': False, 'cmake_args': None, 'cmake_clean_cache': False, 'cmake_clean_first': False, 'cmake_force_configure': False, 'cmake_target': None, 'cmake_target_skip_unavailable': False, 'install_base': '/home/joshua/wato_asd_training/install/costmap', 'merge_install': False, 'path': '/home/joshua/wato_asd_training/src/robot/costmap', 'symlink_install': False, 'test_result_base': None}
[1.349s] INFO:colcon.colcon_core.executor:Executing jobs using 'parallel' executor
[1.351s] DEBUG:colcon.colcon_parallel_executor.executor.parallel:run_until_complete
[1.352s] INFO:colcon.colcon_ros.task.ament_cmake.build:Building ROS package in '/home/joshua/wato_asd_training/src/robot/costmap' with build type 'ament_cmake'
[1.352s] INFO:colcon.colcon_cmake.task.cmake.build:Building CMake package in '/home/joshua/wato_asd_training/src/robot/costmap'
[1.366s] INFO:colcon.colcon_core.plugin_system:Skipping extension 'colcon_core.shell.bat': Not used on non-Windows systems
[1.367s] DEBUG:colcon.colcon_core.shell:Skip shell extension 'dsv' for command environment
[1.423s] DEBUG:colcon.colcon_core.event_handler.log_command:Invoking command in '/home/joshua/wato_asd_training/build/costmap': CMAKE_PREFIX_PATH=${CMAKE_PREFIX_PATH}:/opt/ros/jazzy /usr/bin/cmake --build /home/joshua/wato_asd_training/build/costmap -- -j4 -l4
[68.131s] DEBUG:colcon.colcon_core.event_handler.log_command:Invoked command in '/home/joshua/wato_asd_training/build/costmap' returned '0': CMAKE_PREFIX_PATH=${CMAKE_PREFIX_PATH}:/opt/ros/jazzy /usr/bin/cmake --build /home/joshua/wato_asd_training/build/costmap -- -j4 -l4
[68.183s] DEBUG:colcon.colcon_core.event_handler.log_command:Invoking command in '/home/joshua/wato_asd_training/build/costmap': CMAKE_PREFIX_PATH=${CMAKE_PREFIX_PATH}:/opt/ros/jazzy /usr/bin/cmake --install /home/joshua/wato_asd_training/build/costmap
[68.352s] Level 1:colcon.colcon_core.environment:create_environment_scripts_only(costmap)
[68.355s] DEBUG:colcon.colcon_core.event_handler.log_command:Invoked command in '/home/joshua/wato_asd_training/build/costmap' returned '0': CMAKE_PREFIX_PATH=${CMAKE_PREFIX_PATH}:/opt/ros/jazzy /usr/bin/cmake --install /home/joshua/wato_asd_training/build/costmap
[68.369s] Level 1:colcon.colcon_core.environment:checking '/home/joshua/wato_asd_training/install/costmap' for CMake module files
[68.370s] Level 1:colcon.colcon_core.environment:checking '/home/joshua/wato_asd_training/install/costmap' for CMake config files
[68.371s] Level 1:colcon.colcon_core.shell:create_environment_hook('costmap', 'cmake_prefix_path')
[68.371s] INFO:colcon.colcon_core.shell:Creating environment descriptor '/home/joshua/wato_asd_training/install/costmap/share/costmap/hook/cmake_prefix_path.dsv'
[68.389s] INFO:colcon.colcon_core.shell:Creating environment hook '/home/joshua/wato_asd_training/install/costmap/share/costmap/hook/cmake_prefix_path.sh'
[68.412s] Level 1:colcon.colcon_core.environment:checking '/home/joshua/wato_asd_training/install/costmap/lib'
[68.413s] Level 1:colcon.colcon_core.environment:checking '/home/joshua/wato_asd_training/install/costmap/bin'
[68.414s] Level 1:colcon.colcon_core.environment:checking '/home/joshua/wato_asd_training/install/costmap/lib/pkgconfig/costmap.pc'
[68.427s] Level 1:colcon.colcon_core.environment:checking '/home/joshua/wato_asd_training/install/costmap/lib/python3.12/site-packages'
[68.440s] Level 1:colcon.colcon_core.environment:checking '/home/joshua/wato_asd_training/install/costmap/bin'
[68.441s] INFO:colcon.colcon_core.shell:Creating package descriptor '/home/joshua/wato_asd_training/install/costmap/share/costmap/package.dsv'
[68.442s] INFO:colcon.colcon_core.shell:Creating package script '/home/joshua/wato_asd_training/install/costmap/share/costmap/package.sh'
[68.444s] INFO:colcon.colcon_core.shell:Creating package script '/home/joshua/wato_asd_training/install/costmap/share/costmap/package.bash'
[68.449s] INFO:colcon.colcon_core.shell:Creating package script '/home/joshua/wato_asd_training/install/costmap/share/costmap/package.zsh'
[68.451s] Level 1:colcon.colcon_core.environment:create_file_with_runtime_dependencies(/home/joshua/wato_asd_training/install/costmap/share/colcon-core/packages/costmap)
[68.456s] Level 1:colcon.colcon_core.environment:create_environment_scripts_only(costmap)
[68.457s] Level 1:colcon.colcon_core.environment:checking '/home/joshua/wato_asd_training/install/costmap' for CMake module files
[68.459s] Level 1:colcon.colcon_core.environment:checking '/home/joshua/wato_asd_training/install/costmap' for CMake config files
[68.460s] Level 1:colcon.colcon_core.shell:create_environment_hook('costmap', 'cmake_prefix_path')
[68.460s] INFO:colcon.colcon_core.shell:Creating environment descriptor '/home/joshua/wato_asd_training/install/costmap/share/costmap/hook/cmake_prefix_path.dsv'
[68.461s] INFO:colcon.colcon_core.shell:Creating environment hook '/home/joshua/wato_asd_training/install/costmap/share/costmap/hook/cmake_prefix_path.sh'
[68.474s] Level 1:colcon.colcon_core.environment:checking '/home/joshua/wato_asd_training/install/costmap/lib'
[68.475s] Level 1:colcon.colcon_core.environment:checking '/home/joshua/wato_asd_training/install/costmap/bin'
[68.475s] Level 1:colcon.colcon_core.environment:checking '/home/joshua/wato_asd_training/install/costmap/lib/pkgconfig/costmap.pc'
[68.475s] Level 1:colcon.colcon_core.environment:checking '/home/joshua/wato_asd_training/install/costmap/lib/python3.12/site-packages'
[68.476s] Level 1:colcon.colcon_core.environment:checking '/home/joshua/wato_asd_training/install/costmap/bin'
[68.477s] INFO:colcon.colcon_core.shell:Creating package descriptor '/home/joshua/wato_asd_training/install/costmap/share/costmap/package.dsv'
[68.478s] INFO:colcon.colcon_core.shell:Creating package script '/home/joshua/wato_asd_training/install/costmap/share/costmap/package.sh'
[68.479s] INFO:colcon.colcon_core.shell:Creating package script '/home/joshua/wato_asd_training/install/costmap/share/costmap/package.bash'
[68.492s] INFO:colcon.colcon_core.shell:Creating package script '/home/joshua/wato_asd_training/install/costmap/share/costmap/package.zsh'
[68.494s] Level 1:colcon.colcon_core.environment:create_file_with_runtime_dependencies(/home/joshua/wato_asd_training/install/costmap/share/colcon-core/packages/costmap)
[68.494s] DEBUG:colcon.colcon_parallel_executor.executor.parallel:closing loop
[68.508s] DEBUG:colcon.colcon_parallel_executor.executor.parallel:loop closed
[68.508s] DEBUG:colcon.colcon_parallel_executor.executor.parallel:run_until_complete finished with '0'
[68.508s] DEBUG:colcon.colcon_core.event_reactor:joining thread
[68.664s] INFO:colcon.colcon_core.plugin_system:Skipping extension 'colcon_notification.desktop_notification.notify_send': Could not find 'notify-send'
[68.664s] INFO:colcon.colcon_core.plugin_system:Skipping extension 'colcon_notification.desktop_notification.terminal_notifier': Not used on non-Darwin systems
[68.664s] INFO:colcon.colcon_core.plugin_system:Skipping extension 'colcon_notification.desktop_notification.win32': Not used on non-Windows systems
[68.665s] INFO:colcon.colcon_notification.desktop_notification:Sending desktop notification using 'notify2'
[68.672s] DEBUG:colcon.colcon_notification.desktop_notification.notify2:Failed to initialize notify2: org.freedesktop.DBus.Error.ServiceUnknown: The name org.freedesktop.Notifications was not provided by any .service files
[68.678s] DEBUG:colcon.colcon_core.event_reactor:joined thread
[68.678s] INFO:colcon.colcon_core.shell:Creating prefix script '/home/joshua/wato_asd_training/install/local_setup.sh'
[68.680s] INFO:colcon.colcon_core.shell:Creating prefix util module '/home/joshua/wato_asd_training/install/_local_setup_util_sh.py'
[68.683s] INFO:colcon.colcon_core.shell:Creating prefix chain script '/home/joshua/wato_asd_training/install/setup.sh'
[68.689s] INFO:colcon.colcon_core.shell:Creating prefix script '/home/joshua/wato_asd_training/install/local_setup.bash'
[68.690s] INFO:colcon.colcon_core.shell:Creating prefix chain script '/home/joshua/wato_asd_training/install/setup.bash'
[68.693s] INFO:colcon.colcon_core.shell:Creating prefix script '/home/joshua/wato_asd_training/install/local_setup.zsh'
[68.699s] INFO:colcon.colcon_core.shell:Creating prefix chain script '/home/joshua/wato_asd_training/install/setup.zsh'
