[8.929s] DEBUG:colcon:Command line arguments: ['/usr/bin/colcon', 'build']
[8.930s] DEBUG:colcon:Parsed command line arguments: Namespace(log_base=None, log_level=None, verb_name='build', build_base='build', install_base='install', merge_install=False, symlink_install=False, test_result_base=None, continue_on_error=False, executor='parallel', parallel_workers=4, event_handlers=None, ignore_user_meta=False, metas=['./colcon.meta'], base_paths=['.'], packages_ignore=None, packages_ignore_regex=None, paths=None, packages_up_to=None, packages_up_to_regex=None, packages_above=None, packages_above_and_dependencies=None, packages_above_depth=None, packages_select_by_dep=None, packages_skip_by_dep=None, packages_skip_up_to=None, packages_select_build_failed=False, packages_skip_build_finished=False, packages_select_test_failures=False, packages_skip_test_passed=False, packages_select=None, packages_skip=None, packages_select_regex=None, packages_skip_regex=None, packages_start=None, packages_end=None, cmake_args=None, cmake_target=None, cmake_target_skip_unavailable=False, cmake_clean_cache=False, cmake_clean_first=False, cmake_force_configure=False, ament_cmake_args=None, catkin_cmake_args=None, catkin_skip_building_tests=False, verb_parser=<colcon_defaults.argument_parser.defaults.DefaultArgumentsDecorator object at 0x797d069eac60>, verb_extension=<colcon_core.verb.build.BuildVerb object at 0x797d06907e90>, main=<bound method BuildVerb.main of <colcon_core.verb.build.BuildVerb object at 0x797d06907e90>>)
[10.168s] Level 1:colcon.colcon_core.package_discovery:discover_packages(colcon_meta) check parameters
[10.169s] Level 1:colcon.colcon_core.package_discovery:discover_packages(recursive) check parameters
[10.169s] Level 1:colcon.colcon_core.package_discovery:discover_packages(ignore) check parameters
[10.169s] Level 1:colcon.colcon_core.package_discovery:discover_packages(path) check parameters
[10.170s] Level 1:colcon.colcon_core.package_discovery:discover_packages(colcon_meta) discover
[10.170s] Level 1:colcon.colcon_core.package_discovery:discover_packages(recursive) discover
[10.170s] INFO:colcon.colcon_core.package_discovery:Crawling recursively for packages in '/home/joshua/wato_asd_training'
[10.171s] Level 1:colcon.colcon_core.package_identification:_identify(.) by extensions ['ignore', 'ignore_ament_install']
[10.173s] Level 1:colcon.colcon_core.package_identification:_identify(.) by extension 'ignore'
[10.174s] Level 1:colcon.colcon_core.package_identification:_identify(.) by extension 'ignore_ament_install'
[10.174s] Level 1:colcon.colcon_core.package_identification:_identify(.) by extensions ['colcon_pkg']
[10.174s] Level 1:colcon.colcon_core.package_identification:_identify(.) by extension 'colcon_pkg'
[10.174s] Level 1:colcon.colcon_core.package_identification:_identify(.) by extensions ['colcon_meta']
[10.174s] Level 1:colcon.colcon_core.package_identification:_identify(.) by extension 'colcon_meta'
[10.174s] Level 1:colcon.colcon_core.package_identification:_identify(.) by extensions ['ros']
[10.175s] Level 1:colcon.colcon_core.package_identification:_identify(.) by extension 'ros'
[10.838s] Level 1:colcon.colcon_core.package_identification:_identify(.) by extensions ['cmake', 'python']
[10.838s] Level 1:colcon.colcon_core.package_identification:_identify(.) by extension 'cmake'
[10.838s] Level 1:colcon.colcon_core.package_identification:_identify(.) by extension 'python'
[10.839s] Level 1:colcon.colcon_core.package_identification:_identify(.) by extensions ['python_setup_py']
[10.839s] Level 1:colcon.colcon_core.package_identification:_identify(.) by extension 'python_setup_py'
[10.839s] Level 1:colcon.colcon_core.package_identification:_identify(build) by extensions ['ignore', 'ignore_ament_install']
[10.840s] Level 1:colcon.colcon_core.package_identification:_identify(build) by extension 'ignore'
[10.840s] Level 1:colcon.colcon_core.package_identification:_identify(build) ignored
[10.842s] Level 1:colcon.colcon_core.package_identification:_identify(config) by extensions ['ignore', 'ignore_ament_install']
[10.842s] Level 1:colcon.colcon_core.package_identification:_identify(config) by extension 'ignore'
[10.843s] Level 1:colcon.colcon_core.package_identification:_identify(config) by extension 'ignore_ament_install'
[10.845s] Level 1:colcon.colcon_core.package_identification:_identify(config) by extensions ['colcon_pkg']
[10.846s] Level 1:colcon.colcon_core.package_identification:_identify(config) by extension 'colcon_pkg'
[10.846s] Level 1:colcon.colcon_core.package_identification:_identify(config) by extensions ['colcon_meta']
[10.847s] Level 1:colcon.colcon_core.package_identification:_identify(config) by extension 'colcon_meta'
[10.847s] Level 1:colcon.colcon_core.package_identification:_identify(config) by extensions ['ros']
[10.848s] Level 1:colcon.colcon_core.package_identification:_identify(config) by extension 'ros'
[10.851s] Level 1:colcon.colcon_core.package_identification:_identify(config) by extensions ['cmake', 'python']
[10.851s] Level 1:colcon.colcon_core.package_identification:_identify(config) by extension 'cmake'
[10.851s] Level 1:colcon.colcon_core.package_identification:_identify(config) by extension 'python'
[10.851s] Level 1:colcon.colcon_core.package_identification:_identify(config) by extensions ['python_setup_py']
[10.851s] Level 1:colcon.colcon_core.package_identification:_identify(config) by extension 'python_setup_py'
[10.853s] Level 1:colcon.colcon_core.package_identification:_identify(docker) by extensions ['ignore', 'ignore_ament_install']
[10.853s] Level 1:colcon.colcon_core.package_identification:_identify(docker) by extension 'ignore'
[10.854s] Level 1:colcon.colcon_core.package_identification:_identify(docker) by extension 'ignore_ament_install'
[10.854s] Level 1:colcon.colcon_core.package_identification:_identify(docker) by extensions ['colcon_pkg']
[10.854s] Level 1:colcon.colcon_core.package_identification:_identify(docker) by extension 'colcon_pkg'
[10.855s] Level 1:colcon.colcon_core.package_identification:_identify(docker) by extensions ['colcon_meta']
[10.855s] Level 1:colcon.colcon_core.package_identification:_identify(docker) by extension 'colcon_meta'
[10.855s] Level 1:colcon.colcon_core.package_identification:_identify(docker) by extensions ['ros']
[10.855s] Level 1:colcon.colcon_core.package_identification:_identify(docker) by extension 'ros'
[10.855s] Level 1:colcon.colcon_core.package_identification:_identify(docker) by extensions ['cmake', 'python']
[10.855s] Level 1:colcon.colcon_core.package_identification:_identify(docker) by extension 'cmake'
[10.856s] Level 1:colcon.colcon_core.package_identification:_identify(docker) by extension 'python'
[10.856s] Level 1:colcon.colcon_core.package_identification:_identify(docker) by extensions ['python_setup_py']
[10.856s] Level 1:colcon.colcon_core.package_identification:_identify(docker) by extension 'python_setup_py'
[10.857s] Level 1:colcon.colcon_core.package_identification:_identify(docker/gazebo) by extensions ['ignore', 'ignore_ament_install']
[10.857s] Level 1:colcon.colcon_core.package_identification:_identify(docker/gazebo) by extension 'ignore'
[10.858s] Level 1:colcon.colcon_core.package_identification:_identify(docker/gazebo) by extension 'ignore_ament_install'
[10.858s] Level 1:colcon.colcon_core.package_identification:_identify(docker/gazebo) by extensions ['colcon_pkg']
[10.858s] Level 1:colcon.colcon_core.package_identification:_identify(docker/gazebo) by extension 'colcon_pkg'
[10.858s] Level 1:colcon.colcon_core.package_identification:_identify(docker/gazebo) by extensions ['colcon_meta']
[10.858s] Level 1:colcon.colcon_core.package_identification:_identify(docker/gazebo) by extension 'colcon_meta'
[10.858s] Level 1:colcon.colcon_core.package_identification:_identify(docker/gazebo) by extensions ['ros']
[10.858s] Level 1:colcon.colcon_core.package_identification:_identify(docker/gazebo) by extension 'ros'
[10.859s] Level 1:colcon.colcon_core.package_identification:_identify(docker/gazebo) by extensions ['cmake', 'python']
[10.860s] Level 1:colcon.colcon_core.package_identification:_identify(docker/gazebo) by extension 'cmake'
[10.860s] Level 1:colcon.colcon_core.package_identification:_identify(docker/gazebo) by extension 'python'
[10.861s] Level 1:colcon.colcon_core.package_identification:_identify(docker/gazebo) by extensions ['python_setup_py']
[10.861s] Level 1:colcon.colcon_core.package_identification:_identify(docker/gazebo) by extension 'python_setup_py'
[10.873s] Level 1:colcon.colcon_core.package_identification:_identify(docker/robot) by extensions ['ignore', 'ignore_ament_install']
[10.873s] Level 1:colcon.colcon_core.package_identification:_identify(docker/robot) by extension 'ignore'
[10.874s] Level 1:colcon.colcon_core.package_identification:_identify(docker/robot) by extension 'ignore_ament_install'
[10.875s] Level 1:colcon.colcon_core.package_identification:_identify(docker/robot) by extensions ['colcon_pkg']
[10.875s] Level 1:colcon.colcon_core.package_identification:_identify(docker/robot) by extension 'colcon_pkg'
[10.875s] Level 1:colcon.colcon_core.package_identification:_identify(docker/robot) by extensions ['colcon_meta']
[10.875s] Level 1:colcon.colcon_core.package_identification:_identify(docker/robot) by extension 'colcon_meta'
[10.875s] Level 1:colcon.colcon_core.package_identification:_identify(docker/robot) by extensions ['ros']
[10.876s] Level 1:colcon.colcon_core.package_identification:_identify(docker/robot) by extension 'ros'
[10.876s] Level 1:colcon.colcon_core.package_identification:_identify(docker/robot) by extensions ['cmake', 'python']
[10.877s] Level 1:colcon.colcon_core.package_identification:_identify(docker/robot) by extension 'cmake'
[10.877s] Level 1:colcon.colcon_core.package_identification:_identify(docker/robot) by extension 'python'
[10.877s] Level 1:colcon.colcon_core.package_identification:_identify(docker/robot) by extensions ['python_setup_py']
[10.877s] Level 1:colcon.colcon_core.package_identification:_identify(docker/robot) by extension 'python_setup_py'
[10.879s] Level 1:colcon.colcon_core.package_identification:_identify(docker/samples) by extensions ['ignore', 'ignore_ament_install']
[10.879s] Level 1:colcon.colcon_core.package_identification:_identify(docker/samples) by extension 'ignore'
[10.880s] Level 1:colcon.colcon_core.package_identification:_identify(docker/samples) by extension 'ignore_ament_install'
[10.880s] Level 1:colcon.colcon_core.package_identification:_identify(docker/samples) by extensions ['colcon_pkg']
[10.880s] Level 1:colcon.colcon_core.package_identification:_identify(docker/samples) by extension 'colcon_pkg'
[10.880s] Level 1:colcon.colcon_core.package_identification:_identify(docker/samples) by extensions ['colcon_meta']
[10.880s] Level 1:colcon.colcon_core.package_identification:_identify(docker/samples) by extension 'colcon_meta'
[10.880s] Level 1:colcon.colcon_core.package_identification:_identify(docker/samples) by extensions ['ros']
[10.880s] Level 1:colcon.colcon_core.package_identification:_identify(docker/samples) by extension 'ros'
[10.884s] Level 1:colcon.colcon_core.package_identification:_identify(docker/samples) by extensions ['cmake', 'python']
[10.884s] Level 1:colcon.colcon_core.package_identification:_identify(docker/samples) by extension 'cmake'
[10.889s] Level 1:colcon.colcon_core.package_identification:_identify(docker/samples) by extension 'python'
[10.890s] Level 1:colcon.colcon_core.package_identification:_identify(docker/samples) by extensions ['python_setup_py']
[10.890s] Level 1:colcon.colcon_core.package_identification:_identify(docker/samples) by extension 'python_setup_py'
[10.891s] Level 1:colcon.colcon_core.package_identification:_identify(docker/vis_tools) by extensions ['ignore', 'ignore_ament_install']
[10.891s] Level 1:colcon.colcon_core.package_identification:_identify(docker/vis_tools) by extension 'ignore'
[10.892s] Level 1:colcon.colcon_core.package_identification:_identify(docker/vis_tools) by extension 'ignore_ament_install'
[10.893s] Level 1:colcon.colcon_core.package_identification:_identify(docker/vis_tools) by extensions ['colcon_pkg']
[10.893s] Level 1:colcon.colcon_core.package_identification:_identify(docker/vis_tools) by extension 'colcon_pkg'
[10.893s] Level 1:colcon.colcon_core.package_identification:_identify(docker/vis_tools) by extensions ['colcon_meta']
[10.894s] Level 1:colcon.colcon_core.package_identification:_identify(docker/vis_tools) by extension 'colcon_meta'
[10.894s] Level 1:colcon.colcon_core.package_identification:_identify(docker/vis_tools) by extensions ['ros']
[10.894s] Level 1:colcon.colcon_core.package_identification:_identify(docker/vis_tools) by extension 'ros'
[10.894s] Level 1:colcon.colcon_core.package_identification:_identify(docker/vis_tools) by extensions ['cmake', 'python']
[10.894s] Level 1:colcon.colcon_core.package_identification:_identify(docker/vis_tools) by extension 'cmake'
[10.895s] Level 1:colcon.colcon_core.package_identification:_identify(docker/vis_tools) by extension 'python'
[10.895s] Level 1:colcon.colcon_core.package_identification:_identify(docker/vis_tools) by extensions ['python_setup_py']
[10.895s] Level 1:colcon.colcon_core.package_identification:_identify(docker/vis_tools) by extension 'python_setup_py'
[10.895s] Level 1:colcon.colcon_core.package_identification:_identify(install) by extensions ['ignore', 'ignore_ament_install']
[10.895s] Level 1:colcon.colcon_core.package_identification:_identify(install) by extension 'ignore'
[10.895s] Level 1:colcon.colcon_core.package_identification:_identify(install) ignored
[10.896s] Level 1:colcon.colcon_core.package_identification:_identify(log) by extensions ['ignore', 'ignore_ament_install']
[10.896s] Level 1:colcon.colcon_core.package_identification:_identify(log) by extension 'ignore'
[10.896s] Level 1:colcon.colcon_core.package_identification:_identify(log) ignored
[10.899s] Level 1:colcon.colcon_core.package_identification:_identify(modules) by extensions ['ignore', 'ignore_ament_install']
[10.899s] Level 1:colcon.colcon_core.package_identification:_identify(modules) by extension 'ignore'
[10.900s] Level 1:colcon.colcon_core.package_identification:_identify(modules) by extension 'ignore_ament_install'
[10.901s] Level 1:colcon.colcon_core.package_identification:_identify(modules) by extensions ['colcon_pkg']
[10.901s] Level 1:colcon.colcon_core.package_identification:_identify(modules) by extension 'colcon_pkg'
[10.902s] Level 1:colcon.colcon_core.package_identification:_identify(modules) by extensions ['colcon_meta']
[10.902s] Level 1:colcon.colcon_core.package_identification:_identify(modules) by extension 'colcon_meta'
[10.902s] Level 1:colcon.colcon_core.package_identification:_identify(modules) by extensions ['ros']
[10.902s] Level 1:colcon.colcon_core.package_identification:_identify(modules) by extension 'ros'
[10.902s] Level 1:colcon.colcon_core.package_identification:_identify(modules) by extensions ['cmake', 'python']
[10.902s] Level 1:colcon.colcon_core.package_identification:_identify(modules) by extension 'cmake'
[10.903s] Level 1:colcon.colcon_core.package_identification:_identify(modules) by extension 'python'
[10.903s] Level 1:colcon.colcon_core.package_identification:_identify(modules) by extensions ['python_setup_py']
[10.903s] Level 1:colcon.colcon_core.package_identification:_identify(modules) by extension 'python_setup_py'
[10.904s] Level 1:colcon.colcon_core.package_identification:_identify(src) by extensions ['ignore', 'ignore_ament_install']
[10.904s] Level 1:colcon.colcon_core.package_identification:_identify(src) by extension 'ignore'
[10.905s] Level 1:colcon.colcon_core.package_identification:_identify(src) by extension 'ignore_ament_install'
[10.905s] Level 1:colcon.colcon_core.package_identification:_identify(src) by extensions ['colcon_pkg']
[10.905s] Level 1:colcon.colcon_core.package_identification:_identify(src) by extension 'colcon_pkg'
[10.905s] Level 1:colcon.colcon_core.package_identification:_identify(src) by extensions ['colcon_meta']
[10.905s] Level 1:colcon.colcon_core.package_identification:_identify(src) by extension 'colcon_meta'
[10.905s] Level 1:colcon.colcon_core.package_identification:_identify(src) by extensions ['ros']
[10.905s] Level 1:colcon.colcon_core.package_identification:_identify(src) by extension 'ros'
[10.906s] Level 1:colcon.colcon_core.package_identification:_identify(src) by extensions ['cmake', 'python']
[10.906s] Level 1:colcon.colcon_core.package_identification:_identify(src) by extension 'cmake'
[10.906s] Level 1:colcon.colcon_core.package_identification:_identify(src) by extension 'python'
[10.907s] Level 1:colcon.colcon_core.package_identification:_identify(src) by extensions ['python_setup_py']
[10.907s] Level 1:colcon.colcon_core.package_identification:_identify(src) by extension 'python_setup_py'
[10.909s] Level 1:colcon.colcon_core.package_identification:_identify(src/gazebo) by extensions ['ignore', 'ignore_ament_install']
[10.910s] Level 1:colcon.colcon_core.package_identification:_identify(src/gazebo) by extension 'ignore'
[10.910s] Level 1:colcon.colcon_core.package_identification:_identify(src/gazebo) by extension 'ignore_ament_install'
[10.911s] Level 1:colcon.colcon_core.package_identification:_identify(src/gazebo) by extensions ['colcon_pkg']
[10.911s] Level 1:colcon.colcon_core.package_identification:_identify(src/gazebo) by extension 'colcon_pkg'
[10.911s] Level 1:colcon.colcon_core.package_identification:_identify(src/gazebo) by extensions ['colcon_meta']
[10.912s] Level 1:colcon.colcon_core.package_identification:_identify(src/gazebo) by extension 'colcon_meta'
[10.912s] Level 1:colcon.colcon_core.package_identification:_identify(src/gazebo) by extensions ['ros']
[10.912s] Level 1:colcon.colcon_core.package_identification:_identify(src/gazebo) by extension 'ros'
[10.954s] DEBUG:colcon.colcon_core.package_identification:Package 'src/gazebo' with type 'ros.ament_cmake' and name 'gazebo'
[10.955s] Level 1:colcon.colcon_core.package_identification:_identify(src/robot) by extensions ['ignore', 'ignore_ament_install']
[10.955s] Level 1:colcon.colcon_core.package_identification:_identify(src/robot) by extension 'ignore'
[10.956s] Level 1:colcon.colcon_core.package_identification:_identify(src/robot) by extension 'ignore_ament_install'
[10.956s] Level 1:colcon.colcon_core.package_identification:_identify(src/robot) by extensions ['colcon_pkg']
[10.956s] Level 1:colcon.colcon_core.package_identification:_identify(src/robot) by extension 'colcon_pkg'
[10.956s] Level 1:colcon.colcon_core.package_identification:_identify(src/robot) by extensions ['colcon_meta']
[10.956s] Level 1:colcon.colcon_core.package_identification:_identify(src/robot) by extension 'colcon_meta'
[10.956s] Level 1:colcon.colcon_core.package_identification:_identify(src/robot) by extensions ['ros']
[10.956s] Level 1:colcon.colcon_core.package_identification:_identify(src/robot) by extension 'ros'
[10.958s] Level 1:colcon.colcon_core.package_identification:_identify(src/robot) by extensions ['cmake', 'python']
[10.958s] Level 1:colcon.colcon_core.package_identification:_identify(src/robot) by extension 'cmake'
[10.958s] Level 1:colcon.colcon_core.package_identification:_identify(src/robot) by extension 'python'
[10.959s] Level 1:colcon.colcon_core.package_identification:_identify(src/robot) by extensions ['python_setup_py']
[10.959s] Level 1:colcon.colcon_core.package_identification:_identify(src/robot) by extension 'python_setup_py'
[10.960s] Level 1:colcon.colcon_core.package_identification:_identify(src/robot/bringup_robot) by extensions ['ignore', 'ignore_ament_install']
[10.960s] Level 1:colcon.colcon_core.package_identification:_identify(src/robot/bringup_robot) by extension 'ignore'
[10.960s] Level 1:colcon.colcon_core.package_identification:_identify(src/robot/bringup_robot) by extension 'ignore_ament_install'
[10.960s] Level 1:colcon.colcon_core.package_identification:_identify(src/robot/bringup_robot) by extensions ['colcon_pkg']
[10.960s] Level 1:colcon.colcon_core.package_identification:_identify(src/robot/bringup_robot) by extension 'colcon_pkg'
[10.961s] Level 1:colcon.colcon_core.package_identification:_identify(src/robot/bringup_robot) by extensions ['colcon_meta']
[10.961s] Level 1:colcon.colcon_core.package_identification:_identify(src/robot/bringup_robot) by extension 'colcon_meta'
[10.961s] Level 1:colcon.colcon_core.package_identification:_identify(src/robot/bringup_robot) by extensions ['ros']
[10.961s] Level 1:colcon.colcon_core.package_identification:_identify(src/robot/bringup_robot) by extension 'ros'
[10.969s] DEBUG:colcon.colcon_core.package_identification:Package 'src/robot/bringup_robot' with type 'ros.ament_cmake' and name 'bringup_robot'
[10.974s] Level 1:colcon.colcon_core.package_identification:_identify(src/robot/control) by extensions ['ignore', 'ignore_ament_install']
[10.974s] Level 1:colcon.colcon_core.package_identification:_identify(src/robot/control) by extension 'ignore'
[10.976s] Level 1:colcon.colcon_core.package_identification:_identify(src/robot/control) by extension 'ignore_ament_install'
[10.976s] Level 1:colcon.colcon_core.package_identification:_identify(src/robot/control) by extensions ['colcon_pkg']
[10.976s] Level 1:colcon.colcon_core.package_identification:_identify(src/robot/control) by extension 'colcon_pkg'
[10.977s] Level 1:colcon.colcon_core.package_identification:_identify(src/robot/control) by extensions ['colcon_meta']
[10.977s] Level 1:colcon.colcon_core.package_identification:_identify(src/robot/control) by extension 'colcon_meta'
[10.977s] Level 1:colcon.colcon_core.package_identification:_identify(src/robot/control) by extensions ['ros']
[10.977s] Level 1:colcon.colcon_core.package_identification:_identify(src/robot/control) by extension 'ros'
[10.981s] DEBUG:colcon.colcon_core.package_identification:Package 'src/robot/control' with type 'ros.ament_cmake' and name 'control'
[10.982s] Level 1:colcon.colcon_core.package_identification:_identify(src/robot/costmap) by extensions ['ignore', 'ignore_ament_install']
[10.982s] Level 1:colcon.colcon_core.package_identification:_identify(src/robot/costmap) by extension 'ignore'
[10.983s] Level 1:colcon.colcon_core.package_identification:_identify(src/robot/costmap) by extension 'ignore_ament_install'
[10.983s] Level 1:colcon.colcon_core.package_identification:_identify(src/robot/costmap) by extensions ['colcon_pkg']
[10.983s] Level 1:colcon.colcon_core.package_identification:_identify(src/robot/costmap) by extension 'colcon_pkg'
[10.983s] Level 1:colcon.colcon_core.package_identification:_identify(src/robot/costmap) by extensions ['colcon_meta']
[10.983s] Level 1:colcon.colcon_core.package_identification:_identify(src/robot/costmap) by extension 'colcon_meta'
[10.983s] Level 1:colcon.colcon_core.package_identification:_identify(src/robot/costmap) by extensions ['ros']
[10.983s] Level 1:colcon.colcon_core.package_identification:_identify(src/robot/costmap) by extension 'ros'
[11.000s] DEBUG:colcon.colcon_core.package_identification:Package 'src/robot/costmap' with type 'ros.ament_cmake' and name 'costmap'
[11.001s] Level 1:colcon.colcon_core.package_identification:_identify(src/robot/map_memory) by extensions ['ignore', 'ignore_ament_install']
[11.001s] Level 1:colcon.colcon_core.package_identification:_identify(src/robot/map_memory) by extension 'ignore'
[11.002s] Level 1:colcon.colcon_core.package_identification:_identify(src/robot/map_memory) by extension 'ignore_ament_install'
[11.002s] Level 1:colcon.colcon_core.package_identification:_identify(src/robot/map_memory) by extensions ['colcon_pkg']
[11.002s] Level 1:colcon.colcon_core.package_identification:_identify(src/robot/map_memory) by extension 'colcon_pkg'
[11.003s] Level 1:colcon.colcon_core.package_identification:_identify(src/robot/map_memory) by extensions ['colcon_meta']
[11.003s] Level 1:colcon.colcon_core.package_identification:_identify(src/robot/map_memory) by extension 'colcon_meta'
[11.005s] Level 1:colcon.colcon_core.package_identification:_identify(src/robot/map_memory) by extensions ['ros']
[11.005s] Level 1:colcon.colcon_core.package_identification:_identify(src/robot/map_memory) by extension 'ros'
[11.014s] DEBUG:colcon.colcon_core.package_identification:Package 'src/robot/map_memory' with type 'ros.ament_cmake' and name 'map_memory'
[11.016s] Level 1:colcon.colcon_core.package_identification:_identify(src/robot/odometry_spoof) by extensions ['ignore', 'ignore_ament_install']
[11.016s] Level 1:colcon.colcon_core.package_identification:_identify(src/robot/odometry_spoof) by extension 'ignore'
[11.017s] Level 1:colcon.colcon_core.package_identification:_identify(src/robot/odometry_spoof) by extension 'ignore_ament_install'
[11.017s] Level 1:colcon.colcon_core.package_identification:_identify(src/robot/odometry_spoof) by extensions ['colcon_pkg']
[11.018s] Level 1:colcon.colcon_core.package_identification:_identify(src/robot/odometry_spoof) by extension 'colcon_pkg'
[11.018s] Level 1:colcon.colcon_core.package_identification:_identify(src/robot/odometry_spoof) by extensions ['colcon_meta']
[11.018s] Level 1:colcon.colcon_core.package_identification:_identify(src/robot/odometry_spoof) by extension 'colcon_meta'
[11.018s] Level 1:colcon.colcon_core.package_identification:_identify(src/robot/odometry_spoof) by extensions ['ros']
[11.018s] Level 1:colcon.colcon_core.package_identification:_identify(src/robot/odometry_spoof) by extension 'ros'
[11.023s] DEBUG:colcon.colcon_core.package_identification:Package 'src/robot/odometry_spoof' with type 'ros.ament_cmake' and name 'odometry_spoof'
[11.032s] Level 1:colcon.colcon_core.package_identification:_identify(src/robot/planner) by extensions ['ignore', 'ignore_ament_install']
[11.032s] Level 1:colcon.colcon_core.package_identification:_identify(src/robot/planner) by extension 'ignore'
[11.032s] Level 1:colcon.colcon_core.package_identification:_identify(src/robot/planner) by extension 'ignore_ament_install'
[11.032s] Level 1:colcon.colcon_core.package_identification:_identify(src/robot/planner) by extensions ['colcon_pkg']
[11.033s] Level 1:colcon.colcon_core.package_identification:_identify(src/robot/planner) by extension 'colcon_pkg'
[11.033s] Level 1:colcon.colcon_core.package_identification:_identify(src/robot/planner) by extensions ['colcon_meta']
[11.033s] Level 1:colcon.colcon_core.package_identification:_identify(src/robot/planner) by extension 'colcon_meta'
[11.033s] Level 1:colcon.colcon_core.package_identification:_identify(src/robot/planner) by extensions ['ros']
[11.033s] Level 1:colcon.colcon_core.package_identification:_identify(src/robot/planner) by extension 'ros'
[11.035s] DEBUG:colcon.colcon_core.package_identification:Package 'src/robot/planner' with type 'ros.ament_cmake' and name 'planner'
[11.037s] Level 1:colcon.colcon_core.package_identification:_identify(src/samples) by extensions ['ignore', 'ignore_ament_install']
[11.038s] Level 1:colcon.colcon_core.package_identification:_identify(src/samples) by extension 'ignore'
[11.039s] Level 1:colcon.colcon_core.package_identification:_identify(src/samples) by extension 'ignore_ament_install'
[11.040s] Level 1:colcon.colcon_core.package_identification:_identify(src/samples) by extensions ['colcon_pkg']
[11.040s] Level 1:colcon.colcon_core.package_identification:_identify(src/samples) by extension 'colcon_pkg'
[11.040s] Level 1:colcon.colcon_core.package_identification:_identify(src/samples) by extensions ['colcon_meta']
[11.040s] Level 1:colcon.colcon_core.package_identification:_identify(src/samples) by extension 'colcon_meta'
[11.041s] Level 1:colcon.colcon_core.package_identification:_identify(src/samples) by extensions ['ros']
[11.041s] Level 1:colcon.colcon_core.package_identification:_identify(src/samples) by extension 'ros'
[11.042s] Level 1:colcon.colcon_core.package_identification:_identify(src/samples) by extensions ['cmake', 'python']
[11.042s] Level 1:colcon.colcon_core.package_identification:_identify(src/samples) by extension 'cmake'
[11.042s] Level 1:colcon.colcon_core.package_identification:_identify(src/samples) by extension 'python'
[11.042s] Level 1:colcon.colcon_core.package_identification:_identify(src/samples) by extensions ['python_setup_py']
[11.042s] Level 1:colcon.colcon_core.package_identification:_identify(src/samples) by extension 'python_setup_py'
[11.043s] Level 1:colcon.colcon_core.package_identification:_identify(src/samples/cpp) by extensions ['ignore', 'ignore_ament_install']
[11.043s] Level 1:colcon.colcon_core.package_identification:_identify(src/samples/cpp) by extension 'ignore'
[11.044s] Level 1:colcon.colcon_core.package_identification:_identify(src/samples/cpp) by extension 'ignore_ament_install'
[11.045s] Level 1:colcon.colcon_core.package_identification:_identify(src/samples/cpp) by extensions ['colcon_pkg']
[11.045s] Level 1:colcon.colcon_core.package_identification:_identify(src/samples/cpp) by extension 'colcon_pkg'
[11.048s] Level 1:colcon.colcon_core.package_identification:_identify(src/samples/cpp) by extensions ['colcon_meta']
[11.048s] Level 1:colcon.colcon_core.package_identification:_identify(src/samples/cpp) by extension 'colcon_meta'
[11.049s] Level 1:colcon.colcon_core.package_identification:_identify(src/samples/cpp) by extensions ['ros']
[11.049s] Level 1:colcon.colcon_core.package_identification:_identify(src/samples/cpp) by extension 'ros'
[11.050s] Level 1:colcon.colcon_core.package_identification:_identify(src/samples/cpp) by extensions ['cmake', 'python']
[11.050s] Level 1:colcon.colcon_core.package_identification:_identify(src/samples/cpp) by extension 'cmake'
[11.050s] Level 1:colcon.colcon_core.package_identification:_identify(src/samples/cpp) by extension 'python'
[11.050s] Level 1:colcon.colcon_core.package_identification:_identify(src/samples/cpp) by extensions ['python_setup_py']
[11.050s] Level 1:colcon.colcon_core.package_identification:_identify(src/samples/cpp) by extension 'python_setup_py'
[11.056s] Level 1:colcon.colcon_core.package_identification:_identify(src/samples/cpp/aggregator) by extensions ['ignore', 'ignore_ament_install']
[11.056s] Level 1:colcon.colcon_core.package_identification:_identify(src/samples/cpp/aggregator) by extension 'ignore'
[11.056s] Level 1:colcon.colcon_core.package_identification:_identify(src/samples/cpp/aggregator) by extension 'ignore_ament_install'
[11.057s] Level 1:colcon.colcon_core.package_identification:_identify(src/samples/cpp/aggregator) by extensions ['colcon_pkg']
[11.057s] Level 1:colcon.colcon_core.package_identification:_identify(src/samples/cpp/aggregator) by extension 'colcon_pkg'
[11.057s] Level 1:colcon.colcon_core.package_identification:_identify(src/samples/cpp/aggregator) by extensions ['colcon_meta']
[11.057s] Level 1:colcon.colcon_core.package_identification:_identify(src/samples/cpp/aggregator) by extension 'colcon_meta'
[11.057s] Level 1:colcon.colcon_core.package_identification:_identify(src/samples/cpp/aggregator) by extensions ['ros']
[11.057s] Level 1:colcon.colcon_core.package_identification:_identify(src/samples/cpp/aggregator) by extension 'ros'
[11.063s] DEBUG:colcon.colcon_core.package_identification:Package 'src/samples/cpp/aggregator' with type 'ros.ament_cmake' and name 'aggregator'
[11.065s] Level 1:colcon.colcon_core.package_identification:_identify(src/samples/cpp/producer) by extensions ['ignore', 'ignore_ament_install']
[11.065s] Level 1:colcon.colcon_core.package_identification:_identify(src/samples/cpp/producer) by extension 'ignore'
[11.066s] Level 1:colcon.colcon_core.package_identification:_identify(src/samples/cpp/producer) by extension 'ignore_ament_install'
[11.066s] Level 1:colcon.colcon_core.package_identification:_identify(src/samples/cpp/producer) by extensions ['colcon_pkg']
[11.066s] Level 1:colcon.colcon_core.package_identification:_identify(src/samples/cpp/producer) by extension 'colcon_pkg'
[11.066s] Level 1:colcon.colcon_core.package_identification:_identify(src/samples/cpp/producer) by extensions ['colcon_meta']
[11.066s] Level 1:colcon.colcon_core.package_identification:_identify(src/samples/cpp/producer) by extension 'colcon_meta'
[11.066s] Level 1:colcon.colcon_core.package_identification:_identify(src/samples/cpp/producer) by extensions ['ros']
[11.066s] Level 1:colcon.colcon_core.package_identification:_identify(src/samples/cpp/producer) by extension 'ros'
[11.082s] DEBUG:colcon.colcon_core.package_identification:Package 'src/samples/cpp/producer' with type 'ros.ament_cmake' and name 'producer'
[11.083s] Level 1:colcon.colcon_core.package_identification:_identify(src/samples/cpp/transformer) by extensions ['ignore', 'ignore_ament_install']
[11.084s] Level 1:colcon.colcon_core.package_identification:_identify(src/samples/cpp/transformer) by extension 'ignore'
[11.084s] Level 1:colcon.colcon_core.package_identification:_identify(src/samples/cpp/transformer) by extension 'ignore_ament_install'
[11.084s] Level 1:colcon.colcon_core.package_identification:_identify(src/samples/cpp/transformer) by extensions ['colcon_pkg']
[11.084s] Level 1:colcon.colcon_core.package_identification:_identify(src/samples/cpp/transformer) by extension 'colcon_pkg'
[11.085s] Level 1:colcon.colcon_core.package_identification:_identify(src/samples/cpp/transformer) by extensions ['colcon_meta']
[11.085s] Level 1:colcon.colcon_core.package_identification:_identify(src/samples/cpp/transformer) by extension 'colcon_meta'
[11.085s] Level 1:colcon.colcon_core.package_identification:_identify(src/samples/cpp/transformer) by extensions ['ros']
[11.085s] Level 1:colcon.colcon_core.package_identification:_identify(src/samples/cpp/transformer) by extension 'ros'
[11.092s] DEBUG:colcon.colcon_core.package_identification:Package 'src/samples/cpp/transformer' with type 'ros.ament_cmake' and name 'transformer'
[11.093s] Level 1:colcon.colcon_core.package_identification:_identify(src/samples/python) by extensions ['ignore', 'ignore_ament_install']
[11.093s] Level 1:colcon.colcon_core.package_identification:_identify(src/samples/python) by extension 'ignore'
[11.093s] Level 1:colcon.colcon_core.package_identification:_identify(src/samples/python) by extension 'ignore_ament_install'
[11.093s] Level 1:colcon.colcon_core.package_identification:_identify(src/samples/python) by extensions ['colcon_pkg']
[11.094s] Level 1:colcon.colcon_core.package_identification:_identify(src/samples/python) by extension 'colcon_pkg'
[11.094s] Level 1:colcon.colcon_core.package_identification:_identify(src/samples/python) by extensions ['colcon_meta']
[11.094s] Level 1:colcon.colcon_core.package_identification:_identify(src/samples/python) by extension 'colcon_meta'
[11.094s] Level 1:colcon.colcon_core.package_identification:_identify(src/samples/python) by extensions ['ros']
[11.094s] Level 1:colcon.colcon_core.package_identification:_identify(src/samples/python) by extension 'ros'
[11.094s] Level 1:colcon.colcon_core.package_identification:_identify(src/samples/python) by extensions ['cmake', 'python']
[11.094s] Level 1:colcon.colcon_core.package_identification:_identify(src/samples/python) by extension 'cmake'
[11.095s] Level 1:colcon.colcon_core.package_identification:_identify(src/samples/python) by extension 'python'
[11.095s] Level 1:colcon.colcon_core.package_identification:_identify(src/samples/python) by extensions ['python_setup_py']
[11.095s] Level 1:colcon.colcon_core.package_identification:_identify(src/samples/python) by extension 'python_setup_py'
[11.099s] Level 1:colcon.colcon_core.package_identification:_identify(src/samples/python/aggregator) by extensions ['ignore', 'ignore_ament_install']
[11.099s] Level 1:colcon.colcon_core.package_identification:_identify(src/samples/python/aggregator) by extension 'ignore'
[11.100s] Level 1:colcon.colcon_core.package_identification:_identify(src/samples/python/aggregator) by extension 'ignore_ament_install'
[11.100s] Level 1:colcon.colcon_core.package_identification:_identify(src/samples/python/aggregator) by extensions ['colcon_pkg']
[11.100s] Level 1:colcon.colcon_core.package_identification:_identify(src/samples/python/aggregator) by extension 'colcon_pkg'
[11.102s] Level 1:colcon.colcon_core.package_identification:_identify(src/samples/python/aggregator) by extensions ['colcon_meta']
[11.102s] Level 1:colcon.colcon_core.package_identification:_identify(src/samples/python/aggregator) by extension 'colcon_meta'
[11.102s] Level 1:colcon.colcon_core.package_identification:_identify(src/samples/python/aggregator) by extensions ['ros']
[11.102s] Level 1:colcon.colcon_core.package_identification:_identify(src/samples/python/aggregator) by extension 'ros'
[11.110s] DEBUG:colcon.colcon_core.package_identification:Package 'src/samples/python/aggregator' with type 'ros.ament_python' and name 'aggregator'
[11.111s] Level 1:colcon.colcon_core.package_identification:_identify(src/samples/python/producer) by extensions ['ignore', 'ignore_ament_install']
[11.112s] Level 1:colcon.colcon_core.package_identification:_identify(src/samples/python/producer) by extension 'ignore'
[11.113s] Level 1:colcon.colcon_core.package_identification:_identify(src/samples/python/producer) by extension 'ignore_ament_install'
[11.115s] Level 1:colcon.colcon_core.package_identification:_identify(src/samples/python/producer) by extensions ['colcon_pkg']
[11.115s] Level 1:colcon.colcon_core.package_identification:_identify(src/samples/python/producer) by extension 'colcon_pkg'
[11.115s] Level 1:colcon.colcon_core.package_identification:_identify(src/samples/python/producer) by extensions ['colcon_meta']
[11.115s] Level 1:colcon.colcon_core.package_identification:_identify(src/samples/python/producer) by extension 'colcon_meta'
[11.116s] Level 1:colcon.colcon_core.package_identification:_identify(src/samples/python/producer) by extensions ['ros']
[11.116s] Level 1:colcon.colcon_core.package_identification:_identify(src/samples/python/producer) by extension 'ros'
[11.119s] DEBUG:colcon.colcon_core.package_identification:Package 'src/samples/python/producer' with type 'ros.ament_python' and name 'producer'
[11.120s] Level 1:colcon.colcon_core.package_identification:_identify(src/samples/python/transformer) by extensions ['ignore', 'ignore_ament_install']
[11.120s] Level 1:colcon.colcon_core.package_identification:_identify(src/samples/python/transformer) by extension 'ignore'
[11.120s] Level 1:colcon.colcon_core.package_identification:_identify(src/samples/python/transformer) by extension 'ignore_ament_install'
[11.121s] Level 1:colcon.colcon_core.package_identification:_identify(src/samples/python/transformer) by extensions ['colcon_pkg']
[11.121s] Level 1:colcon.colcon_core.package_identification:_identify(src/samples/python/transformer) by extension 'colcon_pkg'
[11.121s] Level 1:colcon.colcon_core.package_identification:_identify(src/samples/python/transformer) by extensions ['colcon_meta']
[11.121s] Level 1:colcon.colcon_core.package_identification:_identify(src/samples/python/transformer) by extension 'colcon_meta'
[11.121s] Level 1:colcon.colcon_core.package_identification:_identify(src/samples/python/transformer) by extensions ['ros']
[11.121s] Level 1:colcon.colcon_core.package_identification:_identify(src/samples/python/transformer) by extension 'ros'
[11.132s] DEBUG:colcon.colcon_core.package_identification:Package 'src/samples/python/transformer' with type 'ros.ament_python' and name 'transformer'
[11.133s] Level 1:colcon.colcon_core.package_identification:_identify(src/samples/sample_msgs) by extensions ['ignore', 'ignore_ament_install']
[11.133s] Level 1:colcon.colcon_core.package_identification:_identify(src/samples/sample_msgs) by extension 'ignore'
[11.133s] Level 1:colcon.colcon_core.package_identification:_identify(src/samples/sample_msgs) by extension 'ignore_ament_install'
[11.134s] Level 1:colcon.colcon_core.package_identification:_identify(src/samples/sample_msgs) by extensions ['colcon_pkg']
[11.134s] Level 1:colcon.colcon_core.package_identification:_identify(src/samples/sample_msgs) by extension 'colcon_pkg'
[11.134s] Level 1:colcon.colcon_core.package_identification:_identify(src/samples/sample_msgs) by extensions ['colcon_meta']
[11.134s] Level 1:colcon.colcon_core.package_identification:_identify(src/samples/sample_msgs) by extension 'colcon_meta'
[11.134s] Level 1:colcon.colcon_core.package_identification:_identify(src/samples/sample_msgs) by extensions ['ros']
[11.134s] Level 1:colcon.colcon_core.package_identification:_identify(src/samples/sample_msgs) by extension 'ros'
[11.139s] DEBUG:colcon.colcon_core.package_identification:Package 'src/samples/sample_msgs' with type 'ros.ament_cmake' and name 'sample_msgs'
[11.140s] Level 1:colcon.colcon_core.package_identification:_identify(src/wato_msgs) by extensions ['ignore', 'ignore_ament_install']
[11.140s] Level 1:colcon.colcon_core.package_identification:_identify(src/wato_msgs) by extension 'ignore'
[11.140s] Level 1:colcon.colcon_core.package_identification:_identify(src/wato_msgs) by extension 'ignore_ament_install'
[11.141s] Level 1:colcon.colcon_core.package_identification:_identify(src/wato_msgs) by extensions ['colcon_pkg']
[11.141s] Level 1:colcon.colcon_core.package_identification:_identify(src/wato_msgs) by extension 'colcon_pkg'
[11.141s] Level 1:colcon.colcon_core.package_identification:_identify(src/wato_msgs) by extensions ['colcon_meta']
[11.141s] Level 1:colcon.colcon_core.package_identification:_identify(src/wato_msgs) by extension 'colcon_meta'
[11.141s] Level 1:colcon.colcon_core.package_identification:_identify(src/wato_msgs) by extensions ['ros']
[11.141s] Level 1:colcon.colcon_core.package_identification:_identify(src/wato_msgs) by extension 'ros'
[11.142s] Level 1:colcon.colcon_core.package_identification:_identify(src/wato_msgs) by extensions ['cmake', 'python']
[11.142s] Level 1:colcon.colcon_core.package_identification:_identify(src/wato_msgs) by extension 'cmake'
[11.143s] Level 1:colcon.colcon_core.package_identification:_identify(src/wato_msgs) by extension 'python'
[11.143s] Level 1:colcon.colcon_core.package_identification:_identify(src/wato_msgs) by extensions ['python_setup_py']
[11.143s] Level 1:colcon.colcon_core.package_identification:_identify(src/wato_msgs) by extension 'python_setup_py'
[11.144s] Level 1:colcon.colcon_core.package_identification:_identify(src/wato_msgs/sample_msgs) by extensions ['ignore', 'ignore_ament_install']
[11.145s] Level 1:colcon.colcon_core.package_identification:_identify(src/wato_msgs/sample_msgs) by extension 'ignore'
[11.145s] Level 1:colcon.colcon_core.package_identification:_identify(src/wato_msgs/sample_msgs) by extension 'ignore_ament_install'
[11.145s] Level 1:colcon.colcon_core.package_identification:_identify(src/wato_msgs/sample_msgs) by extensions ['colcon_pkg']
[11.145s] Level 1:colcon.colcon_core.package_identification:_identify(src/wato_msgs/sample_msgs) by extension 'colcon_pkg'
[11.145s] Level 1:colcon.colcon_core.package_identification:_identify(src/wato_msgs/sample_msgs) by extensions ['colcon_meta']
[11.148s] Level 1:colcon.colcon_core.package_identification:_identify(src/wato_msgs/sample_msgs) by extension 'colcon_meta'
[11.149s] Level 1:colcon.colcon_core.package_identification:_identify(src/wato_msgs/sample_msgs) by extensions ['ros']
[11.149s] Level 1:colcon.colcon_core.package_identification:_identify(src/wato_msgs/sample_msgs) by extension 'ros'
[11.173s] DEBUG:colcon.colcon_core.package_identification:Package 'src/wato_msgs/sample_msgs' with type 'ros.ament_cmake' and name 'sample_msgs'
[11.179s] Level 1:colcon.colcon_core.package_identification:_identify(watod_scripts) by extensions ['ignore', 'ignore_ament_install']
[11.179s] Level 1:colcon.colcon_core.package_identification:_identify(watod_scripts) by extension 'ignore'
[11.179s] Level 1:colcon.colcon_core.package_identification:_identify(watod_scripts) by extension 'ignore_ament_install'
[11.180s] Level 1:colcon.colcon_core.package_identification:_identify(watod_scripts) by extensions ['colcon_pkg']
[11.180s] Level 1:colcon.colcon_core.package_identification:_identify(watod_scripts) by extension 'colcon_pkg'
[11.180s] Level 1:colcon.colcon_core.package_identification:_identify(watod_scripts) by extensions ['colcon_meta']
[11.180s] Level 1:colcon.colcon_core.package_identification:_identify(watod_scripts) by extension 'colcon_meta'
[11.180s] Level 1:colcon.colcon_core.package_identification:_identify(watod_scripts) by extensions ['ros']
[11.180s] Level 1:colcon.colcon_core.package_identification:_identify(watod_scripts) by extension 'ros'
[11.181s] Level 1:colcon.colcon_core.package_identification:_identify(watod_scripts) by extensions ['cmake', 'python']
[11.181s] Level 1:colcon.colcon_core.package_identification:_identify(watod_scripts) by extension 'cmake'
[11.181s] Level 1:colcon.colcon_core.package_identification:_identify(watod_scripts) by extension 'python'
[11.182s] Level 1:colcon.colcon_core.package_identification:_identify(watod_scripts) by extensions ['python_setup_py']
[11.182s] Level 1:colcon.colcon_core.package_identification:_identify(watod_scripts) by extension 'python_setup_py'
[11.182s] Level 1:colcon.colcon_core.package_discovery:discover_packages(recursive) using defaults
[11.182s] Level 1:colcon.colcon_core.package_discovery:discover_packages(ignore) discover
[11.182s] Level 1:colcon.colcon_core.package_discovery:discover_packages(ignore) using defaults
[11.182s] Level 1:colcon.colcon_core.package_discovery:discover_packages(path) discover
[11.182s] Level 1:colcon.colcon_core.package_discovery:discover_packages(path) using defaults
[11.805s] ERROR:colcon:colcon build: Duplicate package names not supported:
- aggregator:
  - src/samples/cpp/aggregator
  - src/samples/python/aggregator
- producer:
  - src/samples/cpp/producer
  - src/samples/python/producer
- sample_msgs:
  - src/samples/sample_msgs
  - src/wato_msgs/sample_msgs
- transformer:
  - src/samples/cpp/transformer
  - src/samples/python/transformer
